[2026-04-09 23:30:01] ralph: ALIVE
[2026-04-09 23:30:01]   last: tes)
[2026-04-09 23:30:01]   disk: 50GB free
[2026-04-10 00:00:01] ralph: ALIVE
[2026-04-10 00:00:01]   last:   Next: 8 candidates, 0 pairs (best=0.00, sany=0/8)
[2026-04-10 00:00:01]   disk: 50GB free
[2026-04-10 00:30:01] ralph: ALIVE
[2026-04-10 00:30:01]   last:   TypeOK: 8 candidates, 0 pairs (best=0.00, sany=0/8)
[2026-04-10 00:30:01]   disk: 50GB free
[2026-04-10 01:00:01] ralph: ALIVE
[2026-04-10 01:00:01]   last:   TypeOK: 8 candidates, 0 pairs (best=0.00, sany=0/8)
[2026-04-10 01:00:01]   disk: 50GB free
[2026-04-10 01:30:01] ralph: ALIVE
[2026-04-10 01:30:01]   last: [fullspec 86/200] HashSetBounded
[2026-04-10 01:30:01]   disk: 49GB free
[2026-04-10 02:00:01] ralph: ALIVE
[2026-04-10 02:00:01]   last: DONE
[2026-04-10 02:00:01]   disk: 49GB free
[2026-04-10 02:30:01] ralph: ALIVE
[2026-04-10 02:30:01]   last: DONE
[2026-04-10 02:30:01]   disk: 49GB free
[2026-04-10 03:00:01] ralph: ALIVE
[2026-04-10 03:00:01]   last: DONE
[2026-04-10 03:00:01]   disk: 49GB free
[2026-04-10 03:30:01] ralph: ALIVE
[2026-04-10 03:30:01]   last: DONE
[2026-04-10 03:30:01]   disk: 49GB free
[2026-04-10 04:00:01] ralph: ALIVE
[2026-04-10 04:00:01]   last: DONE
[2026-04-10 04:00:01]   disk: 49GB free
[2026-04-10 04:30:01] ralph: ALIVE
[2026-04-10 04:30:01]   last: DONE
[2026-04-10 04:30:01]   disk: 49GB free
[2026-04-10 05:00:01] ralph: ALIVE
[2026-04-10 05:00:01]   last: DONE
[2026-04-10 05:00:01]   disk: 49GB free
[2026-04-10 05:30:01] ralph: ALIVE
[2026-04-10 05:30:01]   last: DONE
[2026-04-10 05:30:01]   disk: 49GB free
[2026-04-10 06:00:01] ralph: ALIVE
[2026-04-10 06:00:01]   last: DONE
[2026-04-10 06:00:01]   disk: 49GB free
[2026-04-10 06:30:01] ralph: ALIVE
[2026-04-10 06:30:01]   last: DONE
[2026-04-10 06:30:01]   disk: 49GB free
[2026-04-10 07:00:01] ralph: ALIVE
[2026-04-10 07:00:01]   last: DONE
[2026-04-10 07:00:01]   disk: 49GB free
[2026-04-10 07:30:01] ralph: ALIVE
[2026-04-10 07:30:01]   last: DONE
[2026-04-10 07:30:01]   disk: 49GB free
[2026-04-10 08:00:01] ralph: ALIVE
[2026-04-10 08:00:01]   last: DONE
[2026-04-10 08:00:01]   disk: 49GB free
[2026-04-10 08:30:01] ralph: ALIVE
[2026-04-10 08:30:01]   last: DONE
[2026-04-10 08:30:01]   disk: 49GB free
[2026-04-10 09:00:01] ralph: ALIVE
[2026-04-10 09:00:01]   last:   0%|          | 0/48 [00:00<?, ?it/s]
[2026-04-10 09:00:01]   disk: 49GB free
[2026-04-10 09:30:01] ralph: ALIVE
[2026-04-10 09:30:01]   last:  77%|███████▋  | 37/48 [29:52<08:56, 48.76s/it]
[2026-04-10 09:30:01]   disk: 49GB free
[2026-04-10 10:00:01] ralph: ALIVE
[2026-04-10 10:00:01]   last:  generation parameters explicitly, but not both.
[2026-04-10 10:00:01]   disk: 49GB free
[2026-04-10 10:30:01] ralph: ALIVE
[2026-04-10 10:30:01]   last: [2026-04-10 10:26:57]   Generated 20/50 prompts, 160 candidates total
[2026-04-10 10:30:01]   disk: 49GB free
[2026-04-10 11:00:01] ralph: ALIVE
[2026-04-10 11:00:01]   last: [2026-04-10 10:58:51]   Validated 300/400
[2026-04-10 11:00:01]   disk: 49GB free
[2026-04-10 11:30:01] ralph: ALIVE
[2026-04-10 11:30:01]   last:  10%|█         | 5/50 [23:38<3:32:43, 283.62s/it]
[2026-04-10 11:30:01]   disk: 49GB free
[2026-04-10 12:00:01] ralph: ALIVE
[2026-04-10 12:00:01]   last:  24%|██▍       | 12/50 [56:50<3:00:31, 285.04s/it]
[2026-04-10 12:00:01]   disk: 49GB free
[2026-04-10 12:30:01] ralph: ALIVE
[2026-04-10 12:30:01]   last:  36%|███▌      | 18/50 [1:25:14<2:31:28, 284.02s/it]
[2026-04-10 12:30:01]   disk: 49GB free
[2026-04-10 13:00:01] ralph: ALIVE
[2026-04-10 13:00:01]   last: candidates each
[2026-04-10 13:00:01]   disk: 49GB free
[2026-04-10 13:30:01] ralph: ALIVE
[2026-04-10 13:30:01]   last: [2026-04-10 13:29:42]   Validated 200/400
[2026-04-10 13:30:01]   disk: 49GB free
[2026-04-10 14:00:01] ralph: ALIVE
[2026-04-10 14:00:01]   last:  12%|█▏        | 6/50 [23:04<2:59:30, 244.79s/it]
[2026-04-10 14:00:01]   disk: 49GB free
[2026-04-10 14:30:01] ralph: ALIVE
[2026-04-10 14:30:01]   last:  34%|███▍      | 17/50 [57:07<1:42:28, 186.30s/it]
[2026-04-10 14:30:01]   disk: 49GB free
[2026-04-10 15:00:01] ralph: ALIVE
[2026-04-10 15:00:01]   last:  52%|█████▏    | 26/50 [1:25:54<1:05:34, 163.92s/it]
[2026-04-10 15:00:01]   disk: 49GB free
[2026-04-10 15:30:01] ralph: ALIVE
[2026-04-10 15:30:01]   last:  72%|███████▏  | 36/50 [1:56:31<42:54, 183.87s/it]
[2026-04-10 15:30:01]   disk: 49GB free
[2026-04-10 16:00:01] ralph: ALIVE
[2026-04-10 16:00:01]   last:  98%|█████████▊| 49/50 [2:26:07<02:29, 149.50s/it]
[2026-04-10 16:00:01]   disk: 48GB free
[2026-04-10 16:30:02] ralph: ALIVE
[2026-04-10 16:30:02]   last: [2026-04-10 16:29:50] Validating 400 candidates ...
[2026-04-10 16:30:02]   disk: 48GB free
[2026-04-10 17:00:01] ralph: ALIVE
[2026-04-10 17:00:01]   last:  10%|█         | 5/50 [18:23<2:49:37, 226.17s/it]
[2026-04-10 17:00:01]   disk: 48GB free
[2026-04-10 17:30:01] ralph: ALIVE
[2026-04-10 17:30:01]   last:  30%|███       | 15/50 [50:21<1:45:29, 180.84s/it]
[2026-04-10 17:30:01]   disk: 48GB free
[2026-04-10 18:00:01] ralph: ALIVE
[2026-04-10 18:00:01]   last:  46%|████▌     | 23/50 [1:19:22<1:37:25, 216.51s/it]
[2026-04-10 18:00:01]   disk: 48GB free
[2026-04-10 18:30:01] ralph: ALIVE
[2026-04-10 18:30:01]   last:  68%|██████▊   | 34/50 [1:49:42<45:09, 169.37s/it]
[2026-04-10 18:30:02]   disk: 48GB free
[2026-04-10 19:00:01] ralph: ALIVE
[2026-04-10 19:00:01]   last:  92%|█████████▏| 46/50 [2:19:40<11:32, 173.23s/it]
[2026-04-10 19:00:01]   disk: 48GB free
[2026-04-10 19:30:01] ralph: ALIVE
[2026-04-10 19:30:01]   last: EXIT=0
[2026-04-10 19:30:01]   disk: 48GB free
[2026-04-10 20:00:01] ralph: ALIVE
[2026-04-10 20:00:01]   last:   6%|▌         | 12/200 [23:10<4:30:11, 86.23s/it]
[2026-04-10 20:00:01]   disk: 48GB free
[2026-04-10 20:30:01] ralph: ALIVE
[2026-04-10 20:30:01]   last:  12%|█▏        | 24/200 [53:58<6:41:38, 136.92s/it]
[2026-04-10 20:30:01]   disk: 48GB free
[2026-04-10 21:00:01] ralph: ALIVE
[2026-04-10 21:00:01]   last:  17%|█▋        | 34/200 [1:20:22<7:16:55, 157.93s/it]
[2026-04-10 21:00:01]   disk: 48GB free
[2026-04-10 21:30:01] ralph: ALIVE
[2026-04-10 21:30:01]   last:  22%|██▏       | 44/200 [1:53:38<6:59:53, 161.49s/it]
[2026-04-10 21:30:01]   disk: 48GB free
[2026-04-10 22:00:01] ralph: ALIVE
[2026-04-10 22:00:01]   last:  28%|██▊       | 57/200 [2:24:03<4:55:10, 123.85s/it]
[2026-04-10 22:00:01]   disk: 48GB free
[2026-04-10 22:30:01] ralph: ALIVE
[2026-04-10 22:30:01]   last:  36%|███▌      | 71/200 [2:53:56<3:42:12, 103.35s/it]
[2026-04-10 22:30:01]   disk: 48GB free
[2026-04-10 23:00:01] ralph: ALIVE
[2026-04-10 23:00:01]   last:  41%|████      | 82/200 [3:21:07<4:47:23, 146.13s/it]
[2026-04-10 23:00:01]   disk: 48GB free
[2026-04-10 23:30:01] ralph: ALIVE
[2026-04-10 23:30:01]   last:  48%|████▊     | 97/200 [3:55:11<3:49:57, 133.95s/it]
[2026-04-10 23:30:01]   disk: 48GB free
[2026-04-11 00:00:01] ralph: ALIVE
[2026-04-11 00:00:01]   last:  56%|█████▋    | 113/200 [4:24:49<2:31:32, 104.51s/it]
[2026-04-11 00:00:01]   disk: 48GB free
[2026-04-11 00:30:01] ralph: ALIVE
[2026-04-11 00:30:01]   last:  63%|██████▎   | 126/200 [4:52:41<2:23:30, 116.36s/it]
[2026-04-11 00:30:02]   disk: 48GB free
[2026-04-11 01:00:01] ralph: ALIVE
[2026-04-11 01:00:01]   last:  71%|███████   | 142/200 [5:23:48<1:40:57, 104.45s/it]
[2026-04-11 01:00:01]   disk: 48GB free
[2026-04-11 01:30:01] ralph: ALIVE
[2026-04-11 01:30:01]   last:  78%|███████▊  | 156/200 [5:54:13<1:30:57, 124.03s/it]
[2026-04-11 01:30:01]   disk: 48GB free
[2026-04-11 02:00:01] ralph: ALIVE
[2026-04-11 02:00:01]   last:  84%|████████▎ | 167/200 [6:23:02<1:06:31, 120.96s/it]
[2026-04-11 02:00:01]   disk: 48GB free
[2026-04-11 02:30:01] ralph: ALIVE
[2026-04-11 02:30:01]   last: EXIT=0
[2026-04-11 02:30:01]   disk: 48GB free
[2026-04-11 03:00:01] ralph: ALIVE
[2026-04-11 03:00:01]   last: EXIT=0
[2026-04-11 03:00:01]   disk: 40GB free
[2026-04-11 03:30:01] ralph: ALIVE
[2026-04-11 03:30:01]   last: EXIT=0
[2026-04-11 03:30:01]   disk: 36GB free
[2026-04-11 04:00:01] ralph: ALIVE
[2026-04-11 04:00:01]   last: EXIT=0
[2026-04-11 04:00:01]   disk: 32GB free
[2026-04-11 04:30:01] ralph: ALIVE
[2026-04-11 04:30:01]   last: EXIT=0
[2026-04-11 04:30:01]   disk: 28GB free
[2026-04-11 05:00:01] ralph: ALIVE
[2026-04-11 05:00:01]   last: EXIT=0
[2026-04-11 05:00:01]   disk: 28GB free
[2026-04-11 05:30:01] ralph: ALIVE
[2026-04-11 05:30:01]   last: EXIT=0
[2026-04-11 05:30:01]   disk: 28GB free
[2026-04-11 06:00:01] ralph: ALIVE
[2026-04-11 06:00:01]   last: EXIT=0
[2026-04-11 06:00:01]   disk: 28GB free
[2026-04-11 06:30:01] ralph: ALIVE
[2026-04-11 06:30:01]   last: EXIT=0
[2026-04-11 06:30:01]   disk: 21GB free
[2026-04-11 07:00:01] ralph: ALIVE
[2026-04-11 07:00:01]   last: EXIT=0
[2026-04-11 07:00:01]   disk: 21GB free
[2026-04-11 07:30:01] ralph: ALIVE
[2026-04-11 07:30:01]   last: EXIT=0
[2026-04-11 07:30:01]   disk: 21GB free
[2026-04-11 08:00:01] ralph: ALIVE
[2026-04-11 08:00:01]   last: EXIT=0
[2026-04-11 08:00:01]   disk: 21GB free
[2026-04-11 08:30:01] ralph: ALIVE
[2026-04-11 08:30:01]   last: EXIT=0
[2026-04-11 08:30:01]   disk: 21GB free
[2026-04-11 09:00:01] ralph: ALIVE
[2026-04-11 09:00:01]   last: EXIT=0
[2026-04-11 09:00:01]   disk: 21GB free
[2026-04-11 09:30:01] ralph: ALIVE
[2026-04-11 09:30:01]   last: EXIT=0
[2026-04-11 09:30:01]   disk: 21GB free
[2026-04-11 10:00:01] ralph: ALIVE
[2026-04-11 10:00:01]   last: EXIT=0
[2026-04-11 10:00:01]   disk: 22GB free
[2026-04-11 10:30:01] ralph: ALIVE
[2026-04-11 10:30:01]   last: EXIT=0
[2026-04-11 10:30:01]   disk: 22GB free
[2026-04-11 11:00:01] ralph: ALIVE
[2026-04-11 11:00:01]   last: EXIT=0
[2026-04-11 11:00:01]   disk: 22GB free
[2026-04-11 11:30:01] ralph: ALIVE
[2026-04-11 11:30:01]   last: EXIT=0
[2026-04-11 11:30:01]   disk: 22GB free
[2026-04-11 12:00:01] ralph: ALIVE
[2026-04-11 12:00:01]   last: EXIT=0
[2026-04-11 12:00:01]   disk: 21GB free
[2026-04-11 12:30:01] ralph: ALIVE
[2026-04-11 12:30:01]   last: EXIT=0
[2026-04-11 12:30:01]   disk: 21GB free
[2026-04-11 13:00:01] ralph: ALIVE
[2026-04-11 13:00:01]   last: EXIT=0
[2026-04-11 13:00:01]   disk: 21GB free
[2026-04-11 13:30:01] ralph: ALIVE
[2026-04-11 13:30:01]   last: EXIT=0
[2026-04-11 13:30:01]   disk: 21GB free
[2026-04-11 14:00:01] ralph: ALIVE
[2026-04-11 14:00:01]   last: EXIT=0
[2026-04-11 14:00:01]   disk: 21GB free
[2026-04-11 14:30:01] ralph: ALIVE
[2026-04-11 14:30:01]   last: EXIT=0
[2026-04-11 14:30:01]   disk: 21GB free
[2026-04-11 15:00:01] ralph: ALIVE
[2026-04-11 15:00:01]   last: EXIT=0
[2026-04-11 15:00:01]   disk: 21GB free
[2026-04-11 15:30:01] ralph: ALIVE
[2026-04-11 15:30:01]   last: EXIT=0
[2026-04-11 15:30:01]   disk: 21GB free
[2026-04-11 16:00:01] ralph: ALIVE
[2026-04-11 16:00:01]   last: EXIT=0
[2026-04-11 16:00:01]   disk: 21GB free
[2026-04-11 16:30:01] ralph: ALIVE
[2026-04-11 16:30:01]   last: EXIT=0
[2026-04-11 16:30:01]   disk: 21GB free
[2026-04-11 17:00:01] ralph: ALIVE
[2026-04-11 17:00:01]   last: EXIT=0
[2026-04-11 17:00:01]   disk: 15GB free
[2026-04-11 17:30:01] ralph: ALIVE
[2026-04-11 17:30:01]   last: EXIT=0
[2026-04-11 17:30:01]   disk: 14GB free
[2026-04-11 18:00:01] ralph: ALIVE
[2026-04-11 18:00:01]   last: EXIT=0
[2026-04-11 18:00:01]   disk: 14GB free
[2026-04-11 18:30:01] ralph: ALIVE
[2026-04-11 18:30:01]   last: EXIT=0
[2026-04-11 18:30:01]   disk: 14GB free
[2026-04-11 19:00:01] ralph: ALIVE
[2026-04-11 19:00:01]   last: EXIT=0
[2026-04-11 19:00:01]   disk: 14GB free
[2026-04-11 19:30:01] ralph: ALIVE
[2026-04-11 19:30:01]   last: EXIT=0
[2026-04-11 19:30:01]   disk: 14GB free
[2026-04-11 20:00:01] ralph: ALIVE
[2026-04-11 20:00:01]   last: EXIT=0
[2026-04-11 20:00:01]   disk: 14GB free
[2026-04-11 20:30:01] ralph: ALIVE
[2026-04-11 20:30:01]   last: EXIT=0
[2026-04-11 20:30:01]   disk: 14GB free
[2026-04-11 21:00:01] ralph: ALIVE
[2026-04-11 21:00:01]   last: EXIT=0
[2026-04-11 21:00:01]   disk: 14GB free
[2026-04-11 21:30:01] ralph: ALIVE
[2026-04-11 21:30:01]   last: EXIT=0
[2026-04-11 21:30:01]   disk: 14GB free
[2026-04-11 22:00:01] ralph: ALIVE
[2026-04-11 22:00:01]   last: EXIT=0
[2026-04-11 22:00:01]   disk: 14GB free
[2026-04-11 22:30:02] ralph: ALIVE
[2026-04-11 22:30:02]   last: EXIT=0
[2026-04-11 22:30:02]   disk: 14GB free
[2026-04-11 23:00:01] ralph: ALIVE
[2026-04-11 23:00:01]   last: EXIT=0
[2026-04-11 23:00:01]   disk: 14GB free
[2026-04-11 23:30:01] ralph: ALIVE
[2026-04-11 23:30:01]   last: EXIT=0
[2026-04-11 23:30:01]   disk: 14GB free
[2026-04-12 00:00:01] ralph: ALIVE
[2026-04-12 00:00:01]   last: EXIT=0
[2026-04-12 00:00:01]   disk: 14GB free
[2026-04-12 00:30:01] ralph: ALIVE
[2026-04-12 00:30:01]   last: EXIT=0
[2026-04-12 00:30:01]   disk: 14GB free
[2026-04-12 01:00:01] ralph: ALIVE
[2026-04-12 01:00:01]   last: EXIT=0
[2026-04-12 01:00:01]   disk: 15GB free
[2026-04-12 01:30:01] ralph: ALIVE
[2026-04-12 01:30:01]   last: EXIT=0
[2026-04-12 01:30:01]   disk: 15GB free
[2026-04-12 02:00:01] ralph: ALIVE
[2026-04-12 02:00:01]   last: EXIT=0
[2026-04-12 02:00:01]   disk: 15GB free
[2026-04-12 02:30:01] ralph: ALIVE
[2026-04-12 02:30:01]   last: EXIT=0
[2026-04-12 02:30:01]   disk: 15GB free
[2026-04-12 03:00:01] ralph: ALIVE
[2026-04-12 03:00:01]   last: EXIT=0
[2026-04-12 03:00:01]   disk: 15GB free
[2026-04-12 03:30:01] ralph: ALIVE
[2026-04-12 03:30:01]   last: EXIT=0
[2026-04-12 03:30:01]   disk: 15GB free
[2026-04-12 04:00:01] ralph: ALIVE
[2026-04-12 04:00:01]   last: EXIT=0
[2026-04-12 04:00:01]   disk: 15GB free
[2026-04-12 04:30:01] ralph: ALIVE
[2026-04-12 04:30:01]   last: EXIT=0
[2026-04-12 04:30:01]   disk: 15GB free
[2026-04-12 05:00:01] ralph: ALIVE
[2026-04-12 05:00:01]   last: EXIT=0
[2026-04-12 05:00:01]   disk: 15GB free
[2026-04-12 05:30:01] ralph: ALIVE
[2026-04-12 05:30:01]   last: EXIT=0
[2026-04-12 05:30:01]   disk: 15GB free
[2026-04-12 06:00:01] ralph: ALIVE
[2026-04-12 06:00:01]   last: EXIT=0
[2026-04-12 06:00:01]   disk: 15GB free
[2026-04-12 06:30:01] ralph: ALIVE
[2026-04-12 06:30:01]   last: EXIT=0
[2026-04-12 06:30:01]   disk: 15GB free
[2026-04-12 07:00:01] ralph: ALIVE
[2026-04-12 07:00:01]   last: EXIT=0
[2026-04-12 07:00:01]   disk: 15GB free
[2026-04-12 07:30:01] ralph: ALIVE
[2026-04-12 07:30:01]   last: EXIT=0
[2026-04-12 07:30:01]   disk: 15GB free
[2026-04-12 08:00:01] ralph: ALIVE
[2026-04-12 08:00:01]   last: EXIT=0
[2026-04-12 08:00:01]   disk: 15GB free
[2026-04-12 08:30:01] ralph: ALIVE
[2026-04-12 08:30:01]   last: EXIT=0
[2026-04-12 08:30:01]   disk: 15GB free
[2026-04-12 09:00:01] ralph: ALIVE
[2026-04-12 09:00:01]   last: EXIT=0
[2026-04-12 09:00:01]   disk: 15GB free
[2026-04-12 09:30:01] ralph: ALIVE
[2026-04-12 09:30:01]   last: EXIT=0
[2026-04-12 09:30:01]   disk: 15GB free
[2026-04-12 10:00:01] ralph: ALIVE
[2026-04-12 10:00:01]   last: EXIT=0
[2026-04-12 10:00:01]   disk: 15GB free
[2026-04-12 10:30:01] ralph: ALIVE
[2026-04-12 10:30:01]   last: EXIT=0
[2026-04-12 10:30:01]   disk: 15GB free
[2026-04-12 11:00:01] ralph: ALIVE
[2026-04-12 11:00:01]   last: EXIT=0
[2026-04-12 11:00:01]   disk: 15GB free
[2026-04-12 11:30:01] ralph: ALIVE
[2026-04-12 11:30:01]   last: EXIT=0
[2026-04-12 11:30:01]   disk: 15GB free
[2026-04-12 12:00:01] ralph: ALIVE
[2026-04-12 12:00:01]   last: EXIT=0
[2026-04-12 12:00:01]   disk: 15GB free
[2026-04-12 12:30:01] ralph: ALIVE
[2026-04-12 12:30:01]   last: EXIT=0
[2026-04-12 12:30:01]   disk: 15GB free
[2026-04-12 13:00:01] ralph: ALIVE
[2026-04-12 13:00:01]   last: EXIT=0
[2026-04-12 13:00:01]   disk: 15GB free
[2026-04-12 13:30:01] ralph: ALIVE
[2026-04-12 13:30:01]   last: EXIT=0
[2026-04-12 13:30:01]   disk: 15GB free
[2026-04-12 14:00:01] ralph: ALIVE
[2026-04-12 14:00:01]   last: EXIT=0
[2026-04-12 14:00:01]   disk: 15GB free
[2026-04-12 14:30:01] ralph: ALIVE
[2026-04-12 14:30:01]   last: EXIT=0
[2026-04-12 14:30:01]   disk: 15GB free
[2026-04-12 15:00:01] ralph: ALIVE
[2026-04-12 15:00:01]   last: EXIT=0
[2026-04-12 15:00:01]   disk: 15GB free
[2026-04-12 15:30:01] ralph: ALIVE
[2026-04-12 15:30:01]   last: EXIT=0
[2026-04-12 15:30:01]   disk: 15GB free
[2026-04-12 16:00:01] ralph: ALIVE
[2026-04-12 16:00:01]   last: EXIT=0
[2026-04-12 16:00:01]   disk: 15GB free
[2026-04-12 16:30:01] ralph: ALIVE
[2026-04-12 16:30:01]   last: EXIT=0
[2026-04-12 16:30:01]   disk: 15GB free
[2026-04-12 17:00:01] ralph: ALIVE
[2026-04-12 17:00:01]   last: EXIT=0
[2026-04-12 17:00:01]   disk: 15GB free
[2026-04-12 17:30:01] ralph: ALIVE
[2026-04-12 17:30:01]   last: EXIT=0
[2026-04-12 17:30:01]   disk: 15GB free
[2026-04-12 18:00:01] ralph: ALIVE
[2026-04-12 18:00:01]   last: EXIT=0
[2026-04-12 18:00:01]   disk: 15GB free
[2026-04-12 18:30:01] ralph: ALIVE
[2026-04-12 18:30:01]   last: EXIT=0
[2026-04-12 18:30:01]   disk: 14GB free
[2026-04-12 19:00:01] ralph: ALIVE
[2026-04-12 19:00:01]   last: EXIT=0
[2026-04-12 19:00:01]   disk: 14GB free
[2026-04-12 19:30:01] ralph: ALIVE
[2026-04-12 19:30:01]   last: EXIT=0
[2026-04-12 19:30:01]   disk: 14GB free
[2026-04-12 20:00:01] ralph: ALIVE
[2026-04-12 20:00:01]   last: EXIT=0
[2026-04-12 20:00:01]   disk: 14GB free
[2026-04-12 20:30:01] ralph: ALIVE
[2026-04-12 20:30:01]   last: EXIT=0
[2026-04-12 20:30:01]   disk: 14GB free
[2026-04-12 21:00:01] ralph: ALIVE
[2026-04-12 21:00:01]   last: EXIT=0
[2026-04-12 21:00:01]   disk: 14GB free
[2026-04-12 21:30:01] ralph: ALIVE
[2026-04-12 21:30:01]   last: EXIT=0
[2026-04-12 21:30:01]   disk: 14GB free
[2026-04-12 22:00:01] ralph: ALIVE
[2026-04-12 22:00:01]   last: EXIT=0
[2026-04-12 22:00:01]   disk: 14GB free
[2026-04-12 22:30:01] ralph: ALIVE
[2026-04-12 22:30:01]   last: EXIT=0
[2026-04-12 22:30:01]   disk: 14GB free
[2026-04-12 23:00:01] ralph: ALIVE
[2026-04-12 23:00:01]   last: EXIT=0
[2026-04-12 23:00:01]   disk: 14GB free
[2026-04-12 23:30:01] ralph: ALIVE
[2026-04-12 23:30:01]   last: EXIT=0
[2026-04-12 23:30:01]   disk: 14GB free
[2026-04-13 00:00:02] ralph: ALIVE
[2026-04-13 00:00:02]   last: EXIT=0
[2026-04-13 00:00:02]   disk: 14GB free
[2026-04-13 00:30:01] ralph: ALIVE
[2026-04-13 00:30:01]   last: EXIT=0
[2026-04-13 00:30:01]   disk: 14GB free
[2026-04-13 01:00:01] ralph: ALIVE
[2026-04-13 01:00:01]   last: EXIT=0
[2026-04-13 01:00:01]   disk: 14GB free
[2026-04-13 01:30:01] ralph: ALIVE
[2026-04-13 01:30:01]   last: EXIT=0
[2026-04-13 01:30:01]   disk: 11GB free
[2026-04-13 02:00:01] ralph: ALIVE
[2026-04-13 02:00:01]   last: EXIT=0
[2026-04-13 02:00:01]   disk: 11GB free
[2026-04-13 02:30:01] ralph: ALIVE
[2026-04-13 02:30:01]   last: EXIT=0
[2026-04-13 02:30:01]   disk: 11GB free
[2026-04-13 03:00:01] ralph: ALIVE
[2026-04-13 03:00:01]   last: EXIT=0
[2026-04-13 03:00:01]   disk: 10GB free
[2026-04-13 03:30:01] ralph: ALIVE
[2026-04-13 03:30:01]   last: EXIT=0
[2026-04-13 03:30:01]   disk: 10GB free
[2026-04-13 04:00:01] ralph: ALIVE
[2026-04-13 04:00:01]   last: EXIT=0
[2026-04-13 04:00:01]   disk: 10GB free
[2026-04-13 04:30:01] ralph: ALIVE
[2026-04-13 04:30:01]   last: EXIT=0
[2026-04-13 04:30:01]   disk: 10GB free
[2026-04-13 05:00:01] ralph: ALIVE
[2026-04-13 05:00:01]   last: EXIT=0
[2026-04-13 05:00:01]   disk: 10GB free
[2026-04-13 05:30:02] ralph: ALIVE
[2026-04-13 05:30:02]   last: EXIT=0
[2026-04-13 05:30:02]   disk: 10GB free
[2026-04-13 06:00:01] ralph: ALIVE
[2026-04-13 06:00:01]   last: EXIT=0
[2026-04-13 06:00:01]   disk: 10GB free
[2026-04-13 06:30:01] ralph: ALIVE
[2026-04-13 06:30:01]   last: EXIT=0
[2026-04-13 06:30:01]   disk: 10GB free
[2026-04-13 07:00:01] ralph: ALIVE
[2026-04-13 07:00:01]   last: EXIT=0
[2026-04-13 07:00:01]   disk: 10GB free
[2026-04-13 07:30:01] ralph: ALIVE
[2026-04-13 07:30:01]   last: EXIT=0
[2026-04-13 07:30:01]   disk: 10GB free
[2026-04-13 08:00:01] ralph: ALIVE
[2026-04-13 08:00:01]   last: EXIT=0
[2026-04-13 08:00:01]   disk: 10GB free
[2026-04-13 08:30:01] ralph: ALIVE
[2026-04-13 08:30:01]   last: EXIT=0
[2026-04-13 08:30:01]   disk: 10GB free
[2026-04-13 09:00:01] ralph: ALIVE
[2026-04-13 09:00:01]   last: EXIT=0
[2026-04-13 09:00:01]   disk: 10GB free
[2026-04-13 09:30:01] ralph: ALIVE
[2026-04-13 09:30:02]   last: EXIT=0
[2026-04-13 09:30:02]   disk: 10GB free
[2026-04-13 10:00:01] ralph: ALIVE
[2026-04-13 10:00:01]   last: EXIT=0
[2026-04-13 10:00:01]   disk: 10GB free
[2026-04-13 10:30:01] ralph: ALIVE
[2026-04-13 10:30:01]   last: EXIT=0
[2026-04-13 10:30:01]   disk: 10GB free
[2026-04-13 11:00:01] ralph: ALIVE
[2026-04-13 11:00:01]   last: EXIT=0
[2026-04-13 11:00:01]   disk: 10GB free
[2026-04-13 11:30:01] ralph: ALIVE
[2026-04-13 11:30:01]   last: EXIT=0
[2026-04-13 11:30:01]   disk: 10GB free
[2026-04-13 12:00:01] ralph: ALIVE
[2026-04-13 12:00:01]   last: EXIT=0
[2026-04-13 12:00:01]   disk: 10GB free
[2026-04-13 12:30:01] ralph: ALIVE
[2026-04-13 12:30:01]   last: EXIT=0
[2026-04-13 12:30:01]   disk: 10GB free
[2026-04-13 13:00:01] ralph: ALIVE
[2026-04-13 13:00:01]   last: EXIT=0
[2026-04-13 13:00:01]   disk: 10GB free
[2026-04-13 13:30:01] ralph: ALIVE
[2026-04-13 13:30:01]   last: EXIT=0
[2026-04-13 13:30:01]   disk: 10GB free
[2026-04-13 14:00:01] ralph: ALIVE
[2026-04-13 14:00:01]   last: EXIT=0
[2026-04-13 14:00:01]   disk: 10GB free
[2026-04-13 14:30:01] ralph: ALIVE
[2026-04-13 14:30:01]   last: EXIT=0
[2026-04-13 14:30:01]   disk: 10GB free
[2026-04-13 15:00:01] ralph: ALIVE
[2026-04-13 15:00:01]   last: EXIT=0
[2026-04-13 15:00:01]   disk: 10GB free
[2026-04-13 15:30:01] ralph: ALIVE
[2026-04-13 15:30:01]   last: EXIT=0
[2026-04-13 15:30:01]   disk: 10GB free
[2026-04-13 16:00:01] ralph: ALIVE
[2026-04-13 16:00:01]   last: EXIT=0
[2026-04-13 16:00:01]   disk: 10GB free
[2026-04-13 16:30:01] ralph: ALIVE
[2026-04-13 16:30:01]   last: EXIT=0
[2026-04-13 16:30:01]   disk: 10GB free
[2026-04-13 17:00:01] ralph: ALIVE
[2026-04-13 17:00:01]   last: EXIT=0
[2026-04-13 17:00:01]   disk: 10GB free
[2026-04-13 17:30:01] ralph: ALIVE
[2026-04-13 17:30:01]   last: EXIT=0
[2026-04-13 17:30:01]   disk: 10GB free
[2026-04-13 18:00:01] ralph: ALIVE
[2026-04-13 18:00:01]   last: EXIT=0
[2026-04-13 18:00:01]   disk: 10GB free
[2026-04-13 18:30:01] ralph: ALIVE
[2026-04-13 18:30:01]   last: EXIT=0
[2026-04-13 18:30:01]   disk: 10GB free
[2026-04-13 19:00:01] ralph: ALIVE
[2026-04-13 19:00:01]   last: EXIT=0
[2026-04-13 19:00:01]   disk: 10GB free
[2026-04-13 19:30:01] ralph: ALIVE
[2026-04-13 19:30:01]   last: EXIT=0
[2026-04-13 19:30:01]   disk: 10GB free
[2026-04-13 20:00:01] ralph: ALIVE
[2026-04-13 20:00:01]   last: EXIT=0
[2026-04-13 20:00:01]   disk: 10GB free
[2026-04-13 20:30:01] ralph: ALIVE
[2026-04-13 20:30:01]   last: EXIT=0
[2026-04-13 20:30:01]   disk: 10GB free
[2026-04-13 21:00:01] ralph: ALIVE
[2026-04-13 21:00:01]   last: EXIT=0
[2026-04-13 21:00:01]   disk: 10GB free
[2026-04-13 21:30:01] ralph: ALIVE
[2026-04-13 21:30:01]   last: EXIT=0
[2026-04-13 21:30:01]   disk: 10GB free
[2026-04-13 22:00:01] ralph: ALIVE
[2026-04-13 22:00:01]   last: EXIT=0
[2026-04-13 22:00:01]   disk: 10GB free
[2026-04-13 22:30:01] ralph: ALIVE
[2026-04-13 22:30:01]   last: EXIT=0
[2026-04-13 22:30:01]   disk: 10GB free
[2026-04-13 23:00:01] ralph: ALIVE
[2026-04-13 23:00:01]   last: EXIT=0
[2026-04-13 23:00:01]   disk: 9GB free
[2026-04-13 23:00:01]   *** WARNING: DISK LOW (9GB) ***
[2026-04-13 23:30:01] ralph: ALIVE
[2026-04-13 23:30:01]   last: EXIT=0
[2026-04-13 23:30:01]   disk: 9GB free
[2026-04-13 23:30:01]   *** WARNING: DISK LOW (9GB) ***
[2026-04-14 00:00:01] ralph: ALIVE
[2026-04-14 00:00:01]   last: EXIT=0
[2026-04-14 00:00:01]   disk: 9GB free
[2026-04-14 00:00:01]   *** WARNING: DISK LOW (9GB) ***
[2026-04-14 00:30:01] ralph: ALIVE
[2026-04-14 00:30:01]   last: EXIT=0
[2026-04-14 00:30:01]   disk: 9GB free
[2026-04-14 00:30:01]   *** WARNING: DISK LOW (9GB) ***
[2026-04-14 01:00:01] ralph: ALIVE
[2026-04-14 01:00:01]   last: EXIT=0
[2026-04-14 01:00:01]   disk: 9GB free
[2026-04-14 01:00:01]   *** WARNING: DISK LOW (9GB) ***
[2026-04-14 01:30:01] ralph: ALIVE
[2026-04-14 01:30:01]   last: EXIT=0
[2026-04-14 01:30:01]   disk: 9GB free
[2026-04-14 01:30:01]   *** WARNING: DISK LOW (9GB) ***
[2026-04-14 02:00:01] ralph: ALIVE
[2026-04-14 02:00:01]   last: EXIT=0
[2026-04-14 02:00:01]   disk: 9GB free
[2026-04-14 02:00:01]   *** WARNING: DISK LOW (9GB) ***
[2026-04-14 02:30:01] ralph: ALIVE
[2026-04-14 02:30:01]   last: EXIT=0
[2026-04-14 02:30:01]   disk: 9GB free
[2026-04-14 02:30:01]   *** WARNING: DISK LOW (9GB) ***
[2026-04-14 03:00:01] ralph: ALIVE
[2026-04-14 03:00:01]   last: EXIT=0
[2026-04-14 03:00:01]   disk: 9GB free
[2026-04-14 03:00:01]   *** WARNING: DISK LOW (9GB) ***
[2026-04-14 03:30:01] ralph: ALIVE
[2026-04-14 03:30:01]   last: EXIT=0
[2026-04-14 03:30:01]   disk: 9GB free
[2026-04-14 03:30:01]   *** WARNING: DISK LOW (9GB) ***
[2026-04-14 04:00:01] ralph: ALIVE
[2026-04-14 04:00:01]   last: EXIT=0
[2026-04-14 04:00:01]   disk: 9GB free
[2026-04-14 04:00:01]   *** WARNING: DISK LOW (9GB) ***
[2026-04-14 04:30:01] ralph: ALIVE
[2026-04-14 04:30:01]   last: EXIT=0
[2026-04-14 04:30:01]   disk: 9GB free
[2026-04-14 04:30:01]   *** WARNING: DISK LOW (9GB) ***
[2026-04-14 05:00:01] ralph: ALIVE
[2026-04-14 05:00:01]   last: EXIT=0
[2026-04-14 05:00:01]   disk: 9GB free
[2026-04-14 05:00:01]   *** WARNING: DISK LOW (9GB) ***
[2026-04-14 05:30:01] ralph: ALIVE
[2026-04-14 05:30:01]   last: EXIT=0
[2026-04-14 05:30:01]   disk: 9GB free
[2026-04-14 05:30:01]   *** WARNING: DISK LOW (9GB) ***
[2026-04-14 06:00:01] ralph: ALIVE
[2026-04-14 06:00:01]   last: EXIT=0
[2026-04-14 06:00:01]   disk: 5GB free
[2026-04-14 06:00:01]   *** WARNING: DISK LOW (5GB) ***
[2026-04-14 06:30:01] ralph: ALIVE
[2026-04-14 06:30:01]   last: EXIT=0
[2026-04-14 06:30:01]   disk: 5GB free
[2026-04-14 06:30:01]   *** WARNING: DISK LOW (5GB) ***
[2026-04-14 07:00:01] ralph: ALIVE
[2026-04-14 07:00:01]   last: EXIT=0
[2026-04-14 07:00:01]   disk: 4GB free
[2026-04-14 07:00:01]   *** WARNING: DISK LOW (4GB) ***
[2026-04-14 07:30:02] ralph: ALIVE
[2026-04-14 07:30:02]   last: EXIT=0
[2026-04-14 07:30:02]   disk: 4GB free
[2026-04-14 07:30:02]   *** WARNING: DISK LOW (4GB) ***
[2026-04-14 08:00:01] ralph: ALIVE
[2026-04-14 08:00:01]   last: EXIT=0
[2026-04-14 08:00:01]   disk: 4GB free
[2026-04-14 08:00:01]   *** WARNING: DISK LOW (4GB) ***
[2026-04-14 08:30:01] ralph: ALIVE
[2026-04-14 08:30:01]   last: EXIT=0
[2026-04-14 08:30:01]   disk: 4GB free
[2026-04-14 08:30:01]   *** WARNING: DISK LOW (4GB) ***
[2026-04-14 09:00:01] ralph: ALIVE
[2026-04-14 09:00:01]   last: EXIT=0
[2026-04-14 09:00:01]   disk: 4GB free
[2026-04-14 09:00:01]   *** WARNING: DISK LOW (4GB) ***
[2026-04-14 09:30:01] ralph: ALIVE
[2026-04-14 09:30:01]   last: EXIT=0
[2026-04-14 09:30:01]   disk: 4GB free
[2026-04-14 09:30:01]   *** WARNING: DISK LOW (4GB) ***
[2026-04-14 10:00:01] ralph: ALIVE
[2026-04-14 10:00:01]   last: EXIT=0
[2026-04-14 10:00:01]   disk: 5GB free
[2026-04-14 10:00:01]   *** WARNING: DISK LOW (5GB) ***
[2026-04-14 10:30:01] ralph: ALIVE
[2026-04-14 10:30:01]   last: EXIT=0
[2026-04-14 10:30:01]   disk: 5GB free
[2026-04-14 10:30:01]   *** WARNING: DISK LOW (5GB) ***
[2026-04-14 11:00:02] ralph: ALIVE
[2026-04-14 11:00:02]   last: EXIT=0
[2026-04-14 11:00:02]   disk: 5GB free
[2026-04-14 11:00:02]   *** WARNING: DISK LOW (5GB) ***
[2026-04-14 11:30:01] ralph: ALIVE
[2026-04-14 11:30:01]   last: EXIT=0
[2026-04-14 11:30:01]   disk: 5GB free
[2026-04-14 11:30:01]   *** WARNING: DISK LOW (5GB) ***
[2026-04-14 12:00:01] ralph: ALIVE
[2026-04-14 12:00:01]   last: EXIT=0
[2026-04-14 12:00:01]   disk: 5GB free
[2026-04-14 12:00:01]   *** WARNING: DISK LOW (5GB) ***
[2026-04-14 12:30:01] ralph: ALIVE
[2026-04-14 12:30:01]   last: EXIT=0
[2026-04-14 12:30:01]   disk: 5GB free
[2026-04-14 12:30:01]   *** WARNING: DISK LOW (5GB) ***
[2026-04-14 13:00:01] ralph: ALIVE
[2026-04-14 13:00:01]   last: EXIT=0
[2026-04-14 13:00:01]   disk: 5GB free
[2026-04-14 13:00:01]   *** WARNING: DISK LOW (5GB) ***
[2026-04-14 13:30:01] ralph: ALIVE
[2026-04-14 13:30:01]   last: EXIT=0
[2026-04-14 13:30:01]   disk: 5GB free
[2026-04-14 13:30:01]   *** WARNING: DISK LOW (5GB) ***
[2026-04-14 14:00:01] ralph: ALIVE
[2026-04-14 14:00:01]   last: EXIT=0
[2026-04-14 14:00:01]   disk: 5GB free
[2026-04-14 14:00:01]   *** WARNING: DISK LOW (5GB) ***
[2026-04-14 14:30:01] ralph: ALIVE
[2026-04-14 14:30:01]   last: EXIT=0
[2026-04-14 14:30:01]   disk: 5GB free
[2026-04-14 14:30:01]   *** WARNING: DISK LOW (5GB) ***
[2026-04-14 15:00:01] ralph: ALIVE
[2026-04-14 15:00:01]   last: EXIT=0
[2026-04-14 15:00:01]   disk: 5GB free
[2026-04-14 15:00:01]   *** WARNING: DISK LOW (5GB) ***
[2026-04-14 15:30:01] ralph: ALIVE
[2026-04-14 15:30:01]   last: EXIT=0
[2026-04-14 15:30:01]   disk: 5GB free
[2026-04-14 15:30:01]   *** WARNING: DISK LOW (5GB) ***
[2026-04-14 16:00:01] ralph: ALIVE
[2026-04-14 16:00:01]   last: EXIT=0
[2026-04-14 16:00:01]   disk: 4GB free
[2026-04-14 16:00:01]   *** WARNING: DISK LOW (4GB) ***
[2026-04-14 16:30:01] ralph: ALIVE
[2026-04-14 16:30:01]   last: EXIT=0
[2026-04-14 16:30:01]   disk: 4GB free
[2026-04-14 16:30:01]   *** WARNING: DISK LOW (4GB) ***
[2026-04-14 17:00:01] ralph: ALIVE
[2026-04-14 17:00:01]   last: EXIT=0
[2026-04-14 17:00:01]   disk: 4GB free
[2026-04-14 17:00:01]   *** WARNING: DISK LOW (4GB) ***
[2026-04-14 17:30:01] ralph: ALIVE
[2026-04-14 17:30:01]   last: EXIT=0
[2026-04-14 17:30:01]   disk: 4GB free
[2026-04-14 17:30:01]   *** WARNING: DISK LOW (4GB) ***
[2026-04-14 18:00:01] ralph: ALIVE
[2026-04-14 18:00:01]   last: EXIT=0
[2026-04-14 18:00:01]   disk: 5GB free
[2026-04-14 18:00:01]   *** WARNING: DISK LOW (5GB) ***
[2026-04-14 18:30:01] ralph: ALIVE
[2026-04-14 18:30:01]   last: EXIT=0
[2026-04-14 18:30:01]   disk: 5GB free
[2026-04-14 18:30:01]   *** WARNING: DISK LOW (5GB) ***
[2026-04-14 19:00:01] ralph: ALIVE
[2026-04-14 19:00:01]   last: EXIT=0
[2026-04-14 19:00:01]   disk: 5GB free
[2026-04-14 19:00:01]   *** WARNING: DISK LOW (5GB) ***
[2026-04-14 19:30:01] ralph: ALIVE
[2026-04-14 19:30:01]   last: EXIT=0
[2026-04-14 19:30:01]   disk: 5GB free
[2026-04-14 19:30:01]   *** WARNING: DISK LOW (5GB) ***
[2026-04-14 20:00:01] ralph: ALIVE
[2026-04-14 20:00:01]   last: EXIT=0
[2026-04-14 20:00:01]   disk: 5GB free
[2026-04-14 20:00:01]   *** WARNING: DISK LOW (5GB) ***
[2026-04-14 20:30:01] ralph: ALIVE
[2026-04-14 20:30:01]   last: EXIT=0
[2026-04-14 20:30:01]   disk: 4GB free
[2026-04-14 20:30:01]   *** WARNING: DISK LOW (4GB) ***
[2026-04-14 21:00:01] ralph: ALIVE
[2026-04-14 21:00:01]   last: EXIT=0
[2026-04-14 21:00:01]   disk: 0GB free
[2026-04-14 21:00:01]   *** WARNING: DISK LOW (0GB) ***
[2026-04-14 21:30:01] ralph: ALIVE
[2026-04-14 21:30:01]   last: EXIT=0
[2026-04-14 21:30:01]   disk: 0GB free
[2026-04-14 21:30:01]   *** WARNING: DISK LOW (0GB) ***
[2026-04-14 22:00:01] ralph: ALIVE
[2026-04-14 22:00:01]   last: EXIT=0
[2026-04-14 22:00:01]   disk: 0GB free
[2026-04-14 22:00:01]   *** WARNING: DISK LOW (0GB) ***
[2026-04-14 22:30:01] ralph: ALIVE
[2026-04-14 22:30:01]   last: EXIT=0
[2026-04-14 22:30:02]   disk: 0GB free
[2026-04-14 22:30:02]   *** WARNING: DISK LOW (0GB) ***
[2026-04-14 23:00:01] ralph: ALIVE
[2026-04-14 23:00:01]   last: EXIT=0
[2026-04-14 23:00:01]   disk: 0GB free
[2026-04-14 23:00:01]   *** WARNING: DISK LOW (0GB) ***
[2026-04-14 23:30:01] ralph: ALIVE
[2026-04-14 23:30:01]   last: EXIT=0
[2026-04-14 23:30:01]   disk: 0GB free
[2026-04-14 23:30:01]   *** WARNING: DISK LOW (0GB) ***
[2026-04-15 00:00:01] ralph: ALIVE
[2026-04-15 00:00:01]   last: EXIT=0
[2026-04-15 00:00:01]   disk: 0GB free
[2026-04-15 00:00:01]   *** WARNING: DISK LOW (0GB) ***
[2026-04-15 00:30:01] ralph: ALIVE
[2026-04-15 00:30:01]   last: EXIT=0
[2026-04-15 00:30:01]   disk: 0GB free
[2026-04-15 00:30:01]   *** WARNING: DISK LOW (0GB) ***
[2026-04-15 01:00:01] ralph: ALIVE
[2026-04-15 01:00:01]   last: EXIT=0
[2026-04-15 01:00:01]   disk: 0GB free
[2026-04-15 01:00:01]   *** WARNING: DISK LOW (0GB) ***
[2026-04-15 01:30:01] ralph: ALIVE
[2026-04-15 01:30:01]   last: EXIT=0
[2026-04-15 01:30:01]   disk: 0GB free
[2026-04-15 01:30:01]   *** WARNING: DISK LOW (0GB) ***
[2026-04-15 02:00:01] ralph: ALIVE
[2026-04-15 02:00:01]   last: EXIT=0
[2026-04-15 02:00:01]   disk: 0GB free
[2026-04-15 02:00:01]   *** WARNING: DISK LOW (0GB) ***
[2026-04-15 02:30:01] ralph: ALIVE
[2026-04-15 02:30:01]   last: EXIT=0
[2026-04-15 02:30:01]   disk: 0GB free
[2026-04-15 02:30:01]   *** WARNING: DISK LOW (0GB) ***
[2026-04-15 03:00:01] ralph: ALIVE
[2026-04-15 03:00:01]   last: EXIT=0
[2026-04-15 03:00:01]   disk: 0GB free
[2026-04-15 03:00:01]   *** WARNING: DISK LOW (0GB) ***
[2026-04-15 03:30:01] ralph: ALIVE
[2026-04-15 03:30:01]   last: EXIT=0
[2026-04-15 03:30:01]   disk: 0GB free
[2026-04-15 03:30:01]   *** WARNING: DISK LOW (0GB) ***
[2026-04-15 04:00:01] ralph: ALIVE
[2026-04-15 04:00:01]   last: EXIT=0
[2026-04-15 04:00:01]   disk: 0GB free
[2026-04-15 04:00:01]   *** WARNING: DISK LOW (0GB) ***
[2026-04-15 04:30:01] ralph: ALIVE
[2026-04-15 04:30:01]   last: EXIT=0
[2026-04-15 04:30:01]   disk: 0GB free
[2026-04-15 04:30:01]   *** WARNING: DISK LOW (0GB) ***
[2026-04-15 05:00:01] ralph: ALIVE
[2026-04-15 05:00:01]   last: EXIT=0
[2026-04-15 05:00:01]   disk: 0GB free
[2026-04-15 05:00:01]   *** WARNING: DISK LOW (0GB) ***
[2026-04-15 05:30:01] ralph: ALIVE
[2026-04-15 05:30:01]   last: EXIT=0
[2026-04-15 05:30:01]   disk: 0GB free
[2026-04-15 05:30:01]   *** WARNING: DISK LOW (0GB) ***
[2026-04-15 06:00:01] ralph: ALIVE
[2026-04-15 06:00:01]   last: EXIT=0
[2026-04-15 06:00:01]   disk: 0GB free
[2026-04-15 06:00:01]   *** WARNING: DISK LOW (0GB) ***
[2026-04-15 06:30:01] ralph: ALIVE
[2026-04-15 06:30:01]   last: EXIT=0
[2026-04-15 06:30:01]   disk: 0GB free
[2026-04-15 06:30:01]   *** WARNING: DISK LOW (0GB) ***
[2026-04-15 07:00:01] ralph: ALIVE
[2026-04-15 07:00:01]   last: EXIT=0
[2026-04-15 07:00:01]   disk: 0GB free
[2026-04-15 07:00:01]   *** WARNING: DISK LOW (0GB) ***
[2026-04-15 07:30:01] ralph: ALIVE
[2026-04-15 07:30:01]   last: EXIT=0
[2026-04-15 07:30:01]   disk: 0GB free
[2026-04-15 07:30:01]   *** WARNING: DISK LOW (0GB) ***
[2026-04-15 08:00:01] ralph: ALIVE
[2026-04-15 08:00:01]   last: EXIT=0
[2026-04-15 08:00:01]   disk: 0GB free
[2026-04-15 08:00:01]   *** WARNING: DISK LOW (0GB) ***
[2026-04-15 08:30:01] ralph: ALIVE
[2026-04-15 08:30:01]   last: EXIT=0
[2026-04-15 08:30:01]   disk: 0GB free
[2026-04-15 08:30:01]   *** WARNING: DISK LOW (0GB) ***
[2026-04-15 09:00:01] ralph: ALIVE
[2026-04-15 09:00:01]   last: EXIT=0
[2026-04-15 09:00:01]   disk: 0GB free
[2026-04-15 09:00:01]   *** WARNING: DISK LOW (0GB) ***
[2026-04-15 09:30:01] ralph: ALIVE
[2026-04-15 09:30:01]   last: EXIT=0
[2026-04-15 09:30:01]   disk: 0GB free
[2026-04-15 09:30:01]   *** WARNING: DISK LOW (0GB) ***
[2026-04-15 10:00:01] ralph: ALIVE
[2026-04-15 10:00:01]   last: EXIT=0
[2026-04-15 10:00:01]   disk: 0GB free
[2026-04-15 10:00:01]   *** WARNING: DISK LOW (0GB) ***
[2026-04-15 10:30:01] ralph: ALIVE
[2026-04-15 10:30:01]   last: EXIT=0
[2026-04-15 10:30:01]   disk: 1GB free
[2026-04-15 10:30:01]   *** WARNING: DISK LOW (1GB) ***
[2026-04-15 11:00:01] ralph: ALIVE
[2026-04-15 11:00:01]   last: EXIT=0
[2026-04-15 11:00:01]   disk: 1GB free
[2026-04-15 11:00:01]   *** WARNING: DISK LOW (1GB) ***
[2026-04-15 11:30:01] ralph: ALIVE
[2026-04-15 11:30:01]   last: EXIT=0
[2026-04-15 11:30:01]   disk: 1GB free
[2026-04-15 11:30:01]   *** WARNING: DISK LOW (1GB) ***
[2026-04-15 12:00:01] ralph: ALIVE
[2026-04-15 12:00:01]   last: EXIT=0
[2026-04-15 12:00:01]   disk: 1GB free
[2026-04-15 12:00:01]   *** WARNING: DISK LOW (1GB) ***
[2026-04-15 12:30:01] ralph: ALIVE
[2026-04-15 12:30:01]   last: EXIT=0
[2026-04-15 12:30:01]   disk: 1GB free
[2026-04-15 12:30:01]   *** WARNING: DISK LOW (1GB) ***
[2026-04-15 13:00:02] ralph: ALIVE
[2026-04-15 13:00:02]   last: EXIT=0
[2026-04-15 13:00:02]   disk: 1GB free
[2026-04-15 13:00:02]   *** WARNING: DISK LOW (1GB) ***
[2026-04-15 13:30:01] ralph: ALIVE
[2026-04-15 13:30:01]   last: EXIT=0
[2026-04-15 13:30:01]   disk: 1GB free
[2026-04-15 13:30:01]   *** WARNING: DISK LOW (1GB) ***
[2026-04-15 14:00:01] ralph: ALIVE
[2026-04-15 14:00:01]   last: EXIT=0
[2026-04-15 14:00:01]   disk: 1GB free
[2026-04-15 14:00:01]   *** WARNING: DISK LOW (1GB) ***
