2026-04-05 14:30:01 INFO ========================================
2026-04-05 14:30:01 INFO Watchdog check starting
2026-04-05 14:30:01 INFO Heartbeat OK: log modified 0.5 min ago
2026-04-05 14:30:02 INFO Process alive: PIDs 2324128, 2324136
2026-04-05 14:30:02 INFO Disk OK: 55.6 GB free
2026-04-05 14:30:02 INFO Watchdog check complete: HEALTHY
2026-04-05 14:30:02 INFO ========================================
2026-04-05 14:45:01 INFO ========================================
2026-04-05 14:45:01 INFO Watchdog check starting
2026-04-05 14:45:01 INFO Heartbeat OK: log modified 13.2 min ago
2026-04-05 14:45:01 INFO Process alive: PIDs 2324128, 2324136
2026-04-05 14:45:01 INFO Disk OK: 56.8 GB free
2026-04-05 14:45:01 INFO Watchdog check complete: HEALTHY
2026-04-05 14:45:01 INFO ========================================
2026-04-05 15:00:01 INFO ========================================
2026-04-05 15:00:01 INFO Watchdog check starting
2026-04-05 15:00:01 INFO Heartbeat OK: log modified 28.2 min ago
2026-04-05 15:00:01 INFO Process alive: PIDs 2324128, 2324136
2026-04-05 15:00:01 INFO Disk OK: 56.8 GB free
2026-04-05 15:00:01 INFO Watchdog check complete: HEALTHY
2026-04-05 15:00:01 INFO ========================================
2026-04-05 15:15:01 INFO ========================================
2026-04-05 15:15:01 INFO Watchdog check starting
2026-04-05 15:15:01 INFO Heartbeat OK: log modified 9.9 min ago
2026-04-05 15:15:01 INFO Process alive: PIDs 2324128, 2324136
2026-04-05 15:15:01 INFO Disk OK: 56.8 GB free
2026-04-05 15:15:01 INFO Watchdog check complete: HEALTHY
2026-04-05 15:15:01 INFO ========================================
2026-04-05 15:30:01 INFO ========================================
2026-04-05 15:30:01 INFO Watchdog check starting
2026-04-05 15:30:01 INFO Heartbeat OK: log modified 0.1 min ago
2026-04-05 15:30:01 INFO Process alive: PIDs 2405115, 2405116
2026-04-05 15:30:01 INFO Disk OK: 56.8 GB free
2026-04-05 15:30:01 INFO Watchdog check complete: HEALTHY
2026-04-05 15:30:01 INFO ========================================
2026-04-05 15:45:02 INFO ========================================
2026-04-05 15:45:02 INFO Watchdog check starting
2026-04-05 15:45:02 INFO Heartbeat OK: log modified 1.8 min ago
2026-04-05 15:45:02 INFO Process alive: PIDs 2405115, 2405116
2026-04-05 15:45:02 INFO Disk OK: 56.8 GB free
2026-04-05 15:45:02 INFO Watchdog check complete: HEALTHY
2026-04-05 15:45:02 INFO ========================================
2026-04-05 16:00:01 INFO ========================================
2026-04-05 16:00:01 INFO Watchdog check starting
2026-04-05 16:00:01 INFO Heartbeat OK: log modified 3.7 min ago
2026-04-05 16:00:01 INFO Process alive: PIDs 2405115, 2405116
2026-04-05 16:00:01 INFO Disk OK: 44.9 GB free
2026-04-05 16:00:01 INFO Watchdog check complete: HEALTHY
2026-04-05 16:00:01 INFO ========================================
2026-04-05 16:15:01 INFO ========================================
2026-04-05 16:15:01 INFO Watchdog check starting
2026-04-05 16:15:01 INFO Heartbeat OK: log modified 7.4 min ago
2026-04-05 16:15:01 INFO Process alive: PIDs 2405115, 2405116
2026-04-05 16:15:01 INFO Disk OK: 55.3 GB free
2026-04-05 16:15:01 INFO Watchdog check complete: HEALTHY
2026-04-05 16:15:01 INFO ========================================
2026-04-05 16:30:01 INFO ========================================
2026-04-05 16:30:01 INFO Watchdog check starting
2026-04-05 16:30:01 INFO Heartbeat OK: log modified 13.9 min ago
2026-04-05 16:30:01 INFO Process alive: PIDs 2405115, 2405116
2026-04-05 16:30:01 INFO Disk OK: 55.3 GB free
2026-04-05 16:30:01 INFO Watchdog check complete: HEALTHY
2026-04-05 16:30:01 INFO ========================================
2026-04-05 16:45:01 INFO ========================================
2026-04-05 16:45:01 INFO Watchdog check starting
2026-04-05 16:45:01 INFO Heartbeat OK: log modified 5.4 min ago
2026-04-05 16:45:01 INFO Process alive: PIDs 2470393, 2470394
2026-04-05 16:45:01 INFO Disk OK: 55.3 GB free
2026-04-05 16:45:01 INFO Watchdog check complete: HEALTHY
2026-04-05 16:45:01 INFO ========================================
2026-04-05 17:00:01 INFO ========================================
2026-04-05 17:00:01 INFO Watchdog check starting
2026-04-05 17:00:01 INFO Heartbeat OK: log modified 7.6 min ago
2026-04-05 17:00:01 WARNING No rl_loop.py process found
2026-04-05 17:00:01 INFO Disk OK: 55.4 GB free
2026-04-05 17:00:01 INFO Watchdog check complete: ISSUES DETECTED
2026-04-05 17:00:01 INFO ========================================
2026-04-05 17:15:01 INFO ========================================
2026-04-05 17:15:01 INFO Watchdog check starting
2026-04-05 17:15:01 INFO Heartbeat OK: log modified 22.6 min ago
2026-04-05 17:15:01 WARNING No rl_loop.py process found
2026-04-05 17:15:01 INFO Disk OK: 55.4 GB free
2026-04-05 17:15:01 INFO Watchdog check complete: ISSUES DETECTED
2026-04-05 17:15:01 INFO ========================================
2026-04-05 17:30:01 INFO ========================================
2026-04-05 17:30:01 INFO Watchdog check starting
2026-04-05 17:30:01 WARNING Heartbeat DEAD: log file last modified 38 min ago
2026-04-05 17:30:01 WARNING [alert] No SMTP password found. Set CHATTLA_SMTP_PASSWORD env var or create /home/REDACTED-USER/.chattla_smtp_password
2026-04-05 17:30:01 WARNING No rl_loop.py process found
2026-04-05 17:30:01 INFO Disk OK: 55.2 GB free
2026-04-05 17:30:01 WARNING [alert] No SMTP password found. Set CHATTLA_SMTP_PASSWORD env var or create /home/REDACTED-USER/.chattla_smtp_password
2026-04-05 17:30:01 INFO Watchdog check complete: ISSUES DETECTED
2026-04-05 17:30:01 INFO ========================================
2026-04-05 17:45:01 INFO ========================================
2026-04-05 17:45:01 INFO Watchdog check starting
2026-04-05 17:45:01 INFO Heartbeat OK: log modified 0.5 min ago
2026-04-05 17:45:01 INFO Process alive: PIDs 2516558, 2516559
2026-04-05 17:45:01 INFO Disk OK: 55.2 GB free
2026-04-05 17:45:01 INFO Watchdog check complete: HEALTHY
2026-04-05 17:45:01 INFO ========================================
2026-04-05 18:00:01 INFO ========================================
2026-04-05 18:00:01 INFO Watchdog check starting
2026-04-05 18:00:01 INFO Heartbeat OK: log modified 11.0 min ago
2026-04-05 18:00:01 INFO Process alive: PIDs 2516558, 2516559
2026-04-05 18:00:01 INFO Disk OK: 55.4 GB free
2026-04-05 18:00:01 INFO Watchdog check complete: HEALTHY
2026-04-05 18:00:01 INFO ========================================
2026-04-05 18:15:01 INFO ========================================
2026-04-05 18:15:01 INFO Watchdog check starting
2026-04-05 18:15:01 INFO Heartbeat OK: log modified 5.6 min ago
2026-04-05 18:15:01 INFO Process alive: PIDs 2516558, 2516559
2026-04-05 18:15:01 INFO Disk OK: 36.4 GB free
2026-04-05 18:15:01 INFO Watchdog check complete: HEALTHY
2026-04-05 18:15:01 INFO ========================================
2026-04-05 18:30:01 INFO ========================================
2026-04-05 18:30:01 INFO Watchdog check starting
2026-04-05 18:30:01 INFO Heartbeat OK: log modified 0.7 min ago
2026-04-05 18:30:01 INFO Process alive: PIDs 2516558, 2516559
2026-04-05 18:30:01 INFO Disk OK: 55.2 GB free
2026-04-05 18:30:01 INFO Watchdog check complete: HEALTHY
2026-04-05 18:30:01 INFO ========================================
2026-04-05 18:45:01 INFO ========================================
2026-04-05 18:45:01 INFO Watchdog check starting
2026-04-05 18:45:01 INFO Heartbeat OK: log modified 15.7 min ago
2026-04-05 18:45:01 INFO Process alive: PIDs 2516558, 2516559
2026-04-05 18:45:01 INFO Disk OK: 55.2 GB free
2026-04-05 18:45:01 INFO Watchdog check complete: HEALTHY
2026-04-05 18:45:01 INFO ========================================
2026-04-05 19:00:01 INFO ========================================
2026-04-05 19:00:01 INFO Watchdog check starting
2026-04-05 19:00:01 INFO Heartbeat OK: log modified 1.9 min ago
2026-04-05 19:00:01 INFO Process alive: PIDs 2516558, 2516559
2026-04-05 19:00:01 INFO Disk OK: 55.1 GB free
2026-04-05 19:00:01 INFO Watchdog check complete: HEALTHY
2026-04-05 19:00:01 INFO ========================================
2026-04-05 19:15:01 INFO ========================================
2026-04-05 19:15:01 INFO Watchdog check starting
2026-04-05 19:15:01 INFO Heartbeat OK: log modified 0.2 min ago
2026-04-05 19:15:01 INFO Process alive: PIDs 2516558, 2516559
2026-04-05 19:15:01 INFO Disk OK: 55.1 GB free
2026-04-05 19:15:01 INFO Watchdog check complete: HEALTHY
2026-04-05 19:15:01 INFO ========================================
2026-04-05 19:30:01 INFO ========================================
2026-04-05 19:30:01 INFO Watchdog check starting
2026-04-05 19:30:01 INFO Heartbeat OK: log modified 13.0 min ago
2026-04-05 19:30:01 INFO Process alive: PIDs 2516558, 2516559
2026-04-05 19:30:01 INFO Disk OK: 55.3 GB free
2026-04-05 19:30:01 INFO Watchdog check complete: HEALTHY
2026-04-05 19:30:01 INFO ========================================
2026-04-05 19:45:01 INFO ========================================
2026-04-05 19:45:01 INFO Watchdog check starting
2026-04-05 19:45:01 INFO Heartbeat OK: log modified 1.1 min ago
2026-04-05 19:45:01 INFO Process alive: PIDs 2516558, 2516559
2026-04-05 19:45:01 INFO Disk OK: 34.4 GB free
2026-04-05 19:45:01 INFO Watchdog check complete: HEALTHY
2026-04-05 19:45:01 INFO ========================================
2026-04-05 20:00:01 INFO ========================================
2026-04-05 20:00:01 INFO Watchdog check starting
2026-04-05 20:00:01 INFO Heartbeat OK: log modified 1.5 min ago
2026-04-05 20:00:01 INFO Process alive: PIDs 2516558, 2516559
2026-04-05 20:00:01 INFO Disk OK: 55.1 GB free
2026-04-05 20:00:01 INFO Watchdog check complete: HEALTHY
2026-04-05 20:00:01 INFO ========================================
2026-04-05 20:15:02 INFO ========================================
2026-04-05 20:15:02 INFO Watchdog check starting
2026-04-05 20:15:02 INFO Heartbeat OK: log modified 16.5 min ago
2026-04-05 20:15:02 INFO Process alive: PIDs 2516558, 2516559
2026-04-05 20:15:02 INFO Disk OK: 54.8 GB free
2026-04-05 20:15:02 INFO Watchdog check complete: HEALTHY
2026-04-05 20:15:02 INFO ========================================
2026-04-05 20:30:01 INFO ========================================
2026-04-05 20:30:01 INFO Watchdog check starting
2026-04-05 20:30:01 INFO Heartbeat OK: log modified 4.3 min ago
2026-04-05 20:30:01 INFO Process alive: PIDs 2516558, 2516559
2026-04-05 20:30:01 INFO Disk OK: 55.1 GB free
2026-04-05 20:30:01 INFO Watchdog check complete: HEALTHY
2026-04-05 20:30:01 INFO ========================================
2026-04-05 20:45:01 INFO ========================================
2026-04-05 20:45:01 INFO Watchdog check starting
2026-04-05 20:45:01 INFO Heartbeat OK: log modified 5.3 min ago
2026-04-05 20:45:01 INFO Process alive: PIDs 2516558, 2516559
2026-04-05 20:45:01 INFO Disk OK: 54.7 GB free
2026-04-05 20:45:01 INFO Watchdog check complete: HEALTHY
2026-04-05 20:45:01 INFO ========================================
2026-04-05 21:00:01 INFO ========================================
2026-04-05 21:00:01 INFO Watchdog check starting
2026-04-05 21:00:01 INFO Heartbeat OK: log modified 1.2 min ago
2026-04-05 21:00:01 INFO Process alive: PIDs 2516558, 2516559
2026-04-05 21:00:01 INFO Disk OK: 55.1 GB free
2026-04-05 21:00:01 INFO Watchdog check complete: HEALTHY
2026-04-05 21:00:01 INFO ========================================
2026-04-05 21:15:01 INFO ========================================
2026-04-05 21:15:01 INFO Watchdog check starting
2026-04-05 21:15:01 INFO Heartbeat OK: log modified 14.3 min ago
2026-04-05 21:15:01 WARNING No rl_loop.py process found
2026-04-05 21:15:01 INFO Disk OK: 55.1 GB free
2026-04-05 21:15:01 INFO Watchdog check complete: ISSUES DETECTED
2026-04-05 21:15:01 INFO ========================================
2026-04-05 21:30:01 INFO ========================================
2026-04-05 21:30:01 INFO Watchdog check starting
2026-04-05 21:30:01 INFO Heartbeat OK: log modified 29.3 min ago
2026-04-05 21:30:01 WARNING No rl_loop.py process found
2026-04-05 21:30:01 INFO Disk OK: 55.1 GB free
2026-04-05 21:30:01 INFO Watchdog check complete: ISSUES DETECTED
2026-04-05 21:30:01 INFO ========================================
2026-04-05 21:45:01 INFO ========================================
2026-04-05 21:45:01 INFO Watchdog check starting
2026-04-05 21:45:01 WARNING Heartbeat DEAD: log file last modified 44 min ago
2026-04-05 21:45:01 WARNING [alert] No SMTP password found. Set CHATTLA_SMTP_PASSWORD env var or create /home/REDACTED-USER/.chattla_smtp_password
2026-04-05 21:45:01 WARNING No rl_loop.py process found
2026-04-05 21:45:01 INFO Disk OK: 55.0 GB free
2026-04-05 21:45:01 WARNING [alert] No SMTP password found. Set CHATTLA_SMTP_PASSWORD env var or create /home/REDACTED-USER/.chattla_smtp_password
2026-04-05 21:45:01 INFO Watchdog check complete: ISSUES DETECTED
2026-04-05 21:45:01 INFO ========================================
2026-04-05 22:00:01 INFO ========================================
2026-04-05 22:00:01 INFO Watchdog check starting
2026-04-05 22:00:01 WARNING Heartbeat DEAD: log file last modified 59 min ago
2026-04-05 22:00:01 WARNING [alert] No SMTP password found. Set CHATTLA_SMTP_PASSWORD env var or create /home/REDACTED-USER/.chattla_smtp_password
2026-04-05 22:00:01 WARNING No rl_loop.py process found
2026-04-05 22:00:01 INFO Disk OK: 54.9 GB free
2026-04-05 22:00:01 WARNING [alert] No SMTP password found. Set CHATTLA_SMTP_PASSWORD env var or create /home/REDACTED-USER/.chattla_smtp_password
2026-04-05 22:00:01 INFO Watchdog check complete: ISSUES DETECTED
2026-04-05 22:00:01 INFO ========================================
2026-04-05 22:15:01 INFO ========================================
2026-04-05 22:15:01 INFO Watchdog check starting
2026-04-05 22:15:01 WARNING Heartbeat DEAD: log file last modified 74 min ago
2026-04-05 22:15:01 WARNING [alert] No SMTP password found. Set CHATTLA_SMTP_PASSWORD env var or create /home/REDACTED-USER/.chattla_smtp_password
2026-04-05 22:15:01 WARNING No rl_loop.py process found
2026-04-05 22:15:01 INFO Disk OK: 54.9 GB free
2026-04-05 22:15:01 WARNING [alert] No SMTP password found. Set CHATTLA_SMTP_PASSWORD env var or create /home/REDACTED-USER/.chattla_smtp_password
2026-04-05 22:15:01 INFO Watchdog check complete: ISSUES DETECTED
2026-04-05 22:15:01 INFO ========================================
2026-04-05 22:30:01 INFO ========================================
2026-04-05 22:30:01 INFO Watchdog check starting
2026-04-05 22:30:01 WARNING Heartbeat DEAD: log file last modified 89 min ago
2026-04-05 22:30:01 WARNING [alert] No SMTP password found. Set CHATTLA_SMTP_PASSWORD env var or create /home/REDACTED-USER/.chattla_smtp_password
2026-04-05 22:30:02 WARNING No rl_loop.py process found
2026-04-05 22:30:02 INFO Disk OK: 54.9 GB free
2026-04-05 22:30:02 WARNING [alert] No SMTP password found. Set CHATTLA_SMTP_PASSWORD env var or create /home/REDACTED-USER/.chattla_smtp_password
2026-04-05 22:30:02 INFO Watchdog check complete: ISSUES DETECTED
2026-04-05 22:30:02 INFO ========================================
2026-04-05 22:45:02 INFO ========================================
2026-04-05 22:45:02 INFO Watchdog check starting
2026-04-05 22:45:02 WARNING Heartbeat DEAD: log file last modified 104 min ago
2026-04-05 22:45:02 WARNING [alert] No SMTP password found. Set CHATTLA_SMTP_PASSWORD env var or create /home/REDACTED-USER/.chattla_smtp_password
2026-04-05 22:45:02 WARNING No rl_loop.py process found
2026-04-05 22:45:02 INFO Disk OK: 54.9 GB free
2026-04-05 22:45:02 WARNING [alert] No SMTP password found. Set CHATTLA_SMTP_PASSWORD env var or create /home/REDACTED-USER/.chattla_smtp_password
2026-04-05 22:45:02 INFO Watchdog check complete: ISSUES DETECTED
2026-04-05 22:45:02 INFO ========================================
2026-04-05 23:00:01 INFO ========================================
2026-04-05 23:00:01 INFO Watchdog check starting
2026-04-05 23:00:01 WARNING Heartbeat DEAD: log file last modified 119 min ago
2026-04-05 23:00:01 WARNING [alert] No SMTP password found. Set CHATTLA_SMTP_PASSWORD env var or create /home/REDACTED-USER/.chattla_smtp_password
2026-04-05 23:00:01 WARNING No rl_loop.py process found
2026-04-05 23:00:01 INFO Disk OK: 54.9 GB free
2026-04-05 23:00:01 WARNING [alert] No SMTP password found. Set CHATTLA_SMTP_PASSWORD env var or create /home/REDACTED-USER/.chattla_smtp_password
2026-04-05 23:00:01 INFO Watchdog check complete: ISSUES DETECTED
2026-04-05 23:00:01 INFO ========================================
2026-04-05 23:15:01 INFO ========================================
2026-04-05 23:15:01 INFO Watchdog check starting
2026-04-05 23:15:01 WARNING Heartbeat DEAD: log file last modified 134 min ago
2026-04-05 23:15:01 WARNING [alert] No SMTP password found. Set CHATTLA_SMTP_PASSWORD env var or create /home/REDACTED-USER/.chattla_smtp_password
2026-04-05 23:15:01 WARNING No rl_loop.py process found
2026-04-05 23:15:01 INFO Disk OK: 54.6 GB free
2026-04-05 23:15:01 WARNING [alert] No SMTP password found. Set CHATTLA_SMTP_PASSWORD env var or create /home/REDACTED-USER/.chattla_smtp_password
2026-04-05 23:15:01 INFO Watchdog check complete: ISSUES DETECTED
2026-04-05 23:15:01 INFO ========================================
2026-04-05 23:30:01 INFO ========================================
2026-04-05 23:30:01 INFO Watchdog check starting
2026-04-05 23:30:01 WARNING Heartbeat DEAD: log file last modified 149 min ago
2026-04-05 23:30:01 WARNING [alert] No SMTP password found. Set CHATTLA_SMTP_PASSWORD env var or create /home/REDACTED-USER/.chattla_smtp_password
2026-04-05 23:30:01 WARNING No rl_loop.py process found
2026-04-05 23:30:01 INFO Disk OK: 54.6 GB free
2026-04-05 23:30:01 WARNING [alert] No SMTP password found. Set CHATTLA_SMTP_PASSWORD env var or create /home/REDACTED-USER/.chattla_smtp_password
2026-04-05 23:30:01 INFO Watchdog check complete: ISSUES DETECTED
2026-04-05 23:30:01 INFO ========================================
2026-04-05 23:45:01 INFO ========================================
2026-04-05 23:45:01 INFO Watchdog check starting
2026-04-05 23:45:01 WARNING Heartbeat DEAD: log file last modified 164 min ago
2026-04-05 23:45:01 WARNING [alert] No SMTP password found. Set CHATTLA_SMTP_PASSWORD env var or create /home/REDACTED-USER/.chattla_smtp_password
2026-04-05 23:45:01 WARNING No rl_loop.py process found
2026-04-05 23:45:01 INFO Disk OK: 54.6 GB free
2026-04-05 23:45:01 WARNING [alert] No SMTP password found. Set CHATTLA_SMTP_PASSWORD env var or create /home/REDACTED-USER/.chattla_smtp_password
2026-04-05 23:45:01 INFO Watchdog check complete: ISSUES DETECTED
2026-04-05 23:45:01 INFO ========================================
2026-04-06 00:00:01 INFO ========================================
2026-04-06 00:00:01 INFO Watchdog check starting
2026-04-06 00:00:01 WARNING Heartbeat DEAD: log file last modified 179 min ago
2026-04-06 00:00:01 WARNING [alert] No SMTP password found. Set CHATTLA_SMTP_PASSWORD env var or create /home/REDACTED-USER/.chattla_smtp_password
2026-04-06 00:00:01 WARNING No rl_loop.py process found
2026-04-06 00:00:01 INFO Disk OK: 54.6 GB free
2026-04-06 00:00:01 WARNING [alert] No SMTP password found. Set CHATTLA_SMTP_PASSWORD env var or create /home/REDACTED-USER/.chattla_smtp_password
2026-04-06 00:00:01 INFO Watchdog check complete: ISSUES DETECTED
2026-04-06 00:00:01 INFO ========================================
2026-04-06 00:15:01 INFO ========================================
2026-04-06 00:15:01 INFO Watchdog check starting
2026-04-06 00:15:01 WARNING Heartbeat DEAD: log file last modified 194 min ago
2026-04-06 00:15:01 WARNING [alert] No SMTP password found. Set CHATTLA_SMTP_PASSWORD env var or create /home/REDACTED-USER/.chattla_smtp_password
2026-04-06 00:15:01 WARNING No rl_loop.py process found
2026-04-06 00:15:01 INFO Disk OK: 63.1 GB free
2026-04-06 00:15:01 WARNING [alert] No SMTP password found. Set CHATTLA_SMTP_PASSWORD env var or create /home/REDACTED-USER/.chattla_smtp_password
2026-04-06 00:15:01 INFO Watchdog check complete: ISSUES DETECTED
2026-04-06 00:15:01 INFO ========================================
2026-04-06 00:30:01 INFO ========================================
2026-04-06 00:30:01 INFO Watchdog check starting
2026-04-06 00:30:01 WARNING Heartbeat DEAD: log file last modified 209 min ago
2026-04-06 00:30:01 WARNING [alert] No SMTP password found. Set CHATTLA_SMTP_PASSWORD env var or create /home/REDACTED-USER/.chattla_smtp_password
2026-04-06 00:30:02 WARNING No rl_loop.py process found
2026-04-06 00:30:02 INFO Disk OK: 54.6 GB free
2026-04-06 00:30:02 WARNING [alert] No SMTP password found. Set CHATTLA_SMTP_PASSWORD env var or create /home/REDACTED-USER/.chattla_smtp_password
2026-04-06 00:30:02 INFO Watchdog check complete: ISSUES DETECTED
2026-04-06 00:30:02 INFO ========================================
2026-04-06 00:45:01 INFO ========================================
2026-04-06 00:45:01 INFO Watchdog check starting
2026-04-06 00:45:01 INFO Heartbeat OK: log modified 3.7 min ago
2026-04-06 00:45:01 INFO Process alive: PIDs 3158547, 3158548
2026-04-06 00:45:01 INFO Disk OK: 54.6 GB free
2026-04-06 00:45:01 INFO Watchdog check complete: HEALTHY
2026-04-06 00:45:01 INFO ========================================
2026-04-06 01:00:01 INFO ========================================
2026-04-06 01:00:01 INFO Watchdog check starting
2026-04-06 01:00:01 INFO Heartbeat OK: log modified 9.0 min ago
2026-04-06 01:00:01 INFO Process alive: PIDs 3158547, 3158548
2026-04-06 01:00:01 INFO Disk OK: 54.6 GB free
2026-04-06 01:00:01 INFO Watchdog check complete: HEALTHY
2026-04-06 01:00:01 INFO ========================================
2026-04-06 01:15:01 INFO ========================================
2026-04-06 01:15:01 INFO Watchdog check starting
2026-04-06 01:15:01 INFO Heartbeat OK: log modified 1.5 min ago
2026-04-06 01:15:01 INFO Process alive: PIDs 3158547, 3158548
2026-04-06 01:15:01 INFO Disk OK: 54.6 GB free
2026-04-06 01:15:01 INFO Watchdog check complete: HEALTHY
2026-04-06 01:15:01 INFO ========================================
2026-04-06 01:30:01 INFO ========================================
2026-04-06 01:30:01 INFO Watchdog check starting
2026-04-06 01:30:01 INFO Heartbeat OK: log modified 1.6 min ago
2026-04-06 01:30:01 INFO Process alive: PIDs 3158547, 3158548
2026-04-06 01:30:01 INFO Disk OK: 54.6 GB free
2026-04-06 01:30:01 INFO Watchdog check complete: HEALTHY
2026-04-06 01:30:01 INFO ========================================
2026-04-06 01:45:02 INFO ========================================
2026-04-06 01:45:02 INFO Watchdog check starting
2026-04-06 01:45:02 INFO Heartbeat OK: log modified 1.9 min ago
2026-04-06 01:45:02 INFO Process alive: PIDs 3158547, 3158548
2026-04-06 01:45:02 INFO Disk OK: 54.6 GB free
2026-04-06 01:45:02 INFO Watchdog check complete: HEALTHY
2026-04-06 01:45:02 INFO ========================================
2026-04-06 02:00:01 INFO ========================================
2026-04-06 02:00:01 INFO Watchdog check starting
2026-04-06 02:00:01 INFO Heartbeat OK: log modified 6.9 min ago
2026-04-06 02:00:01 INFO Process alive: PIDs 3158547, 3158548
2026-04-06 02:00:01 INFO Disk OK: 54.6 GB free
2026-04-06 02:00:01 INFO Watchdog check complete: HEALTHY
2026-04-06 02:00:01 INFO ========================================
2026-04-06 02:15:01 INFO ========================================
2026-04-06 02:15:01 INFO Watchdog check starting
2026-04-06 02:15:01 INFO Heartbeat OK: log modified 0.5 min ago
2026-04-06 02:15:01 INFO Process alive: PIDs 3158547, 3158548
2026-04-06 02:15:01 INFO Disk OK: 54.6 GB free
2026-04-06 02:15:01 INFO Watchdog check complete: HEALTHY
2026-04-06 02:15:01 INFO ========================================
2026-04-06 02:30:01 INFO ========================================
2026-04-06 02:30:01 INFO Watchdog check starting
2026-04-06 02:30:01 INFO Heartbeat OK: log modified 5.1 min ago
2026-04-06 02:30:01 INFO Process alive: PIDs 3276187, 3276188
2026-04-06 02:30:01 INFO Disk OK: 54.6 GB free
2026-04-06 02:30:01 INFO Watchdog check complete: HEALTHY
2026-04-06 02:30:01 INFO ========================================
2026-04-06 02:45:01 INFO ========================================
2026-04-06 02:45:01 INFO Watchdog check starting
2026-04-06 02:45:01 INFO Heartbeat OK: log modified 4.5 min ago
2026-04-06 02:45:01 INFO Process alive: PIDs 3276187, 3276188
2026-04-06 02:45:01 INFO Disk OK: 54.6 GB free
2026-04-06 02:45:01 INFO Watchdog check complete: HEALTHY
2026-04-06 02:45:01 INFO ========================================
2026-04-06 03:00:01 INFO ========================================
2026-04-06 03:00:01 INFO Watchdog check starting
2026-04-06 03:00:01 INFO Heartbeat OK: log modified 7.6 min ago
2026-04-06 03:00:01 INFO Process alive: PIDs 3276187, 3276188
2026-04-06 03:00:01 INFO Disk OK: 54.6 GB free
2026-04-06 03:00:01 INFO Watchdog check complete: HEALTHY
2026-04-06 03:00:01 INFO ========================================
2026-04-06 03:15:01 INFO ========================================
2026-04-06 03:15:01 INFO Watchdog check starting
2026-04-06 03:15:01 INFO Heartbeat OK: log modified 2.8 min ago
2026-04-06 03:15:01 INFO Process alive: PIDs 3276187, 3276188
2026-04-06 03:15:01 INFO Disk OK: 54.6 GB free
2026-04-06 03:15:01 INFO Watchdog check complete: HEALTHY
2026-04-06 03:15:01 INFO ========================================
2026-04-06 03:30:01 INFO ========================================
2026-04-06 03:30:01 INFO Watchdog check starting
2026-04-06 03:30:01 INFO Heartbeat OK: log modified 5.7 min ago
2026-04-06 03:30:01 INFO Process alive: PIDs 3276187, 3276188
2026-04-06 03:30:01 INFO Disk OK: 54.6 GB free
2026-04-06 03:30:01 INFO Watchdog check complete: HEALTHY
2026-04-06 03:30:01 INFO ========================================
2026-04-06 03:45:01 INFO ========================================
2026-04-06 03:45:01 INFO Watchdog check starting
2026-04-06 03:45:01 INFO Heartbeat OK: log modified 8.4 min ago
2026-04-06 03:45:01 INFO Process alive: PIDs 3276187, 3276188
2026-04-06 03:45:01 INFO Disk OK: 54.6 GB free
2026-04-06 03:45:01 INFO Watchdog check complete: HEALTHY
2026-04-06 03:45:01 INFO ========================================
2026-04-06 04:00:01 INFO ========================================
2026-04-06 04:00:01 INFO Watchdog check starting
2026-04-06 04:00:01 INFO Heartbeat OK: log modified 4.3 min ago
2026-04-06 04:00:01 INFO Process alive: PIDs 3276187, 3276188
2026-04-06 04:00:01 INFO Disk OK: 54.6 GB free
2026-04-06 04:00:01 INFO Watchdog check complete: HEALTHY
2026-04-06 04:00:01 INFO ========================================
2026-04-06 04:15:02 INFO ========================================
2026-04-06 04:15:02 INFO Watchdog check starting
2026-04-06 04:15:02 INFO Heartbeat OK: log modified 7.3 min ago
2026-04-06 04:15:02 INFO Process alive: PIDs 3276187, 3276188
2026-04-06 04:15:02 INFO Disk OK: 54.6 GB free
2026-04-06 04:15:02 INFO Watchdog check complete: HEALTHY
2026-04-06 04:15:02 INFO ========================================
2026-04-06 04:30:01 INFO ========================================
2026-04-06 04:30:01 INFO Watchdog check starting
2026-04-06 04:30:01 INFO Heartbeat OK: log modified 22.2 min ago
2026-04-06 04:30:01 INFO Process alive: PIDs 3276187, 3276188
2026-04-06 04:30:01 INFO Disk OK: 54.6 GB free
2026-04-06 04:30:01 INFO Watchdog check complete: HEALTHY
2026-04-06 04:30:01 INFO ========================================
2026-04-06 04:45:01 INFO ========================================
2026-04-06 04:45:01 INFO Watchdog check starting
2026-04-06 04:45:01 WARNING Heartbeat DEAD: log file last modified 37 min ago
2026-04-06 04:45:01 WARNING [alert] No SMTP password found. Set CHATTLA_SMTP_PASSWORD env var or create /home/REDACTED-USER/.chattla_smtp_password
2026-04-06 04:45:01 INFO Process alive: PIDs 3276187, 3276188
2026-04-06 04:45:01 INFO Disk OK: 54.6 GB free
2026-04-06 04:45:01 INFO Watchdog check complete: ISSUES DETECTED
2026-04-06 04:45:01 INFO ========================================
2026-04-06 05:00:01 INFO ========================================
2026-04-06 05:00:01 INFO Watchdog check starting
2026-04-06 05:00:01 WARNING Heartbeat DEAD: log file last modified 52 min ago
2026-04-06 05:00:01 WARNING [alert] No SMTP password found. Set CHATTLA_SMTP_PASSWORD env var or create /home/REDACTED-USER/.chattla_smtp_password
2026-04-06 05:00:01 INFO Process alive: PIDs 3276187, 3276188
2026-04-06 05:00:01 INFO Disk OK: 54.6 GB free
2026-04-06 05:00:01 INFO Watchdog check complete: ISSUES DETECTED
2026-04-06 05:00:01 INFO ========================================
2026-04-06 05:15:01 INFO ========================================
2026-04-06 05:15:01 INFO Watchdog check starting
2026-04-06 05:15:01 WARNING Heartbeat DEAD: log file last modified 67 min ago
2026-04-06 05:15:01 WARNING [alert] No SMTP password found. Set CHATTLA_SMTP_PASSWORD env var or create /home/REDACTED-USER/.chattla_smtp_password
2026-04-06 05:15:01 INFO Process alive: PIDs 3276187, 3276188
2026-04-06 05:15:01 INFO Disk OK: 54.6 GB free
2026-04-06 05:15:01 INFO Watchdog check complete: ISSUES DETECTED
2026-04-06 05:15:01 INFO ========================================
2026-04-06 05:30:01 INFO ========================================
2026-04-06 05:30:01 INFO Watchdog check starting
2026-04-06 05:30:01 WARNING Heartbeat DEAD: log file last modified 82 min ago
2026-04-06 05:30:01 WARNING [alert] No SMTP password found. Set CHATTLA_SMTP_PASSWORD env var or create /home/REDACTED-USER/.chattla_smtp_password
2026-04-06 05:30:01 INFO Process alive: PIDs 3276187, 3276188
2026-04-06 05:30:01 INFO Disk OK: 54.6 GB free
2026-04-06 05:30:01 INFO Watchdog check complete: ISSUES DETECTED
2026-04-06 05:30:01 INFO ========================================
2026-04-06 05:45:01 INFO ========================================
2026-04-06 05:45:01 INFO Watchdog check starting
2026-04-06 05:45:01 WARNING Heartbeat DEAD: log file last modified 97 min ago
2026-04-06 05:45:01 WARNING [alert] No SMTP password found. Set CHATTLA_SMTP_PASSWORD env var or create /home/REDACTED-USER/.chattla_smtp_password
2026-04-06 05:45:01 INFO Process alive: PIDs 3276187, 3276188
2026-04-06 05:45:01 INFO Disk OK: 54.6 GB free
2026-04-06 05:45:01 INFO Watchdog check complete: ISSUES DETECTED
2026-04-06 05:45:01 INFO ========================================
2026-04-06 06:00:01 INFO ========================================
2026-04-06 06:00:01 INFO Watchdog check starting
2026-04-06 06:00:01 INFO Heartbeat OK: log modified 3.2 min ago
2026-04-06 06:00:01 INFO Process alive: PIDs 3276187, 3276188
2026-04-06 06:00:01 INFO Disk OK: 64.7 GB free
2026-04-06 06:00:01 INFO Watchdog check complete: HEALTHY
2026-04-06 06:00:01 INFO ========================================
2026-04-06 06:15:01 INFO ========================================
2026-04-06 06:15:01 INFO Watchdog check starting
2026-04-06 06:15:01 INFO Heartbeat OK: log modified 0.4 min ago
2026-04-06 06:15:01 INFO Process alive: PIDs 3276187, 3276188
2026-04-06 06:15:01 INFO Disk OK: 54.6 GB free
2026-04-06 06:15:01 INFO Watchdog check complete: HEALTHY
2026-04-06 06:15:01 INFO ========================================
2026-04-06 06:30:01 INFO ========================================
2026-04-06 06:30:01 INFO Watchdog check starting
2026-04-06 06:30:01 INFO Heartbeat OK: log modified 11.4 min ago
2026-04-06 06:30:01 INFO Process alive: PIDs 3276187, 3276188
2026-04-06 06:30:01 INFO Disk OK: 54.6 GB free
2026-04-06 06:30:01 INFO Watchdog check complete: HEALTHY
2026-04-06 06:30:01 INFO ========================================
2026-04-06 06:45:01 INFO ========================================
2026-04-06 06:45:01 INFO Watchdog check starting
2026-04-06 06:45:01 INFO Heartbeat OK: log modified 26.4 min ago
2026-04-06 06:45:01 INFO Process alive: PIDs 3276187, 3276188
2026-04-06 06:45:01 INFO Disk OK: 54.6 GB free
2026-04-06 06:45:01 INFO Watchdog check complete: HEALTHY
2026-04-06 06:45:01 INFO ========================================
2026-04-06 07:00:01 INFO ========================================
2026-04-06 07:00:01 INFO Watchdog check starting
2026-04-06 07:00:01 WARNING Heartbeat DEAD: log file last modified 41 min ago
2026-04-06 07:00:01 WARNING [alert] No SMTP password found. Set CHATTLA_SMTP_PASSWORD env var or create /home/REDACTED-USER/.chattla_smtp_password
2026-04-06 07:00:01 INFO Process alive: PIDs 3276187, 3276188
2026-04-06 07:00:01 INFO Disk OK: 54.6 GB free
2026-04-06 07:00:01 INFO Watchdog check complete: ISSUES DETECTED
2026-04-06 07:00:01 INFO ========================================
2026-04-06 07:15:01 INFO ========================================
2026-04-06 07:15:01 INFO Watchdog check starting
2026-04-06 07:15:01 WARNING Heartbeat DEAD: log file last modified 56 min ago
2026-04-06 07:15:01 WARNING [alert] No SMTP password found. Set CHATTLA_SMTP_PASSWORD env var or create /home/REDACTED-USER/.chattla_smtp_password
2026-04-06 07:15:01 INFO Process alive: PIDs 3276187, 3276188
2026-04-06 07:15:01 INFO Disk OK: 54.6 GB free
2026-04-06 07:15:01 INFO Watchdog check complete: ISSUES DETECTED
2026-04-06 07:15:01 INFO ========================================
2026-04-06 07:30:01 INFO ========================================
2026-04-06 07:30:01 INFO Watchdog check starting
2026-04-06 07:30:01 WARNING Heartbeat DEAD: log file last modified 71 min ago
2026-04-06 07:30:01 WARNING [alert] No SMTP password found. Set CHATTLA_SMTP_PASSWORD env var or create /home/REDACTED-USER/.chattla_smtp_password
2026-04-06 07:30:01 INFO Process alive: PIDs 3276187, 3276188
2026-04-06 07:30:01 INFO Disk OK: 54.6 GB free
2026-04-06 07:30:01 INFO Watchdog check complete: ISSUES DETECTED
2026-04-06 07:30:01 INFO ========================================
2026-04-06 07:45:01 INFO ========================================
2026-04-06 07:45:01 INFO Watchdog check starting
2026-04-06 07:45:01 WARNING Heartbeat DEAD: log file last modified 86 min ago
2026-04-06 07:45:01 WARNING [alert] No SMTP password found. Set CHATTLA_SMTP_PASSWORD env var or create /home/REDACTED-USER/.chattla_smtp_password
2026-04-06 07:45:01 INFO Process alive: PIDs 3276187, 3276188
2026-04-06 07:45:01 INFO Disk OK: 54.6 GB free
2026-04-06 07:45:01 INFO Watchdog check complete: ISSUES DETECTED
2026-04-06 07:45:01 INFO ========================================
2026-04-06 08:00:01 INFO ========================================
2026-04-06 08:00:01 INFO Watchdog check starting
2026-04-06 08:00:01 INFO Heartbeat OK: log modified 1.9 min ago
2026-04-06 08:00:01 INFO Process alive: PIDs 3276187, 3276188
2026-04-06 08:00:01 INFO Disk OK: 48.6 GB free
2026-04-06 08:00:01 INFO Watchdog check complete: HEALTHY
2026-04-06 08:00:01 INFO ========================================
2026-04-06 08:15:01 INFO ========================================
2026-04-06 08:15:01 INFO Watchdog check starting
2026-04-06 08:15:01 INFO Heartbeat OK: log modified 7.3 min ago
2026-04-06 08:15:01 INFO Process alive: PIDs 3276187, 3276188
2026-04-06 08:15:01 INFO Disk OK: 55.0 GB free
2026-04-06 08:15:01 INFO Watchdog check complete: HEALTHY
2026-04-06 08:15:01 INFO ========================================
2026-04-06 08:30:01 INFO ========================================
2026-04-06 08:30:01 INFO Watchdog check starting
2026-04-06 08:30:01 INFO Heartbeat OK: log modified 0.0 min ago
2026-04-06 08:30:01 INFO Process alive: PIDs 3276187, 3276188
2026-04-06 08:30:01 INFO Disk OK: 55.0 GB free
2026-04-06 08:30:01 INFO Watchdog check complete: HEALTHY
2026-04-06 08:30:01 INFO ========================================
2026-04-06 08:45:01 INFO ========================================
2026-04-06 08:45:01 INFO Watchdog check starting
2026-04-06 08:45:01 INFO Heartbeat OK: log modified 1.3 min ago
2026-04-06 08:45:01 INFO Process alive: PIDs 3276187, 3276188
2026-04-06 08:45:01 INFO Disk OK: 55.0 GB free
2026-04-06 08:45:01 INFO Watchdog check complete: HEALTHY
2026-04-06 08:45:01 INFO ========================================
2026-04-06 09:00:01 INFO ========================================
2026-04-06 09:00:01 INFO Watchdog check starting
2026-04-06 09:00:01 INFO Heartbeat OK: log modified 5.5 min ago
2026-04-06 09:00:01 INFO Process alive: PIDs 3276187, 3276188
2026-04-06 09:00:01 INFO Disk OK: 55.0 GB free
2026-04-06 09:00:01 INFO Watchdog check complete: HEALTHY
2026-04-06 09:00:01 INFO ========================================
2026-04-06 09:15:01 INFO ========================================
2026-04-06 09:15:01 INFO Watchdog check starting
2026-04-06 09:15:01 INFO Heartbeat OK: log modified 5.7 min ago
2026-04-06 09:15:01 INFO Process alive: PIDs 3276187, 3276188
2026-04-06 09:15:01 INFO Disk OK: 55.0 GB free
2026-04-06 09:15:01 INFO Watchdog check complete: HEALTHY
2026-04-06 09:15:01 INFO ========================================
2026-04-06 09:30:01 INFO ========================================
2026-04-06 09:30:01 INFO Watchdog check starting
2026-04-06 09:30:01 INFO Heartbeat OK: log modified 3.0 min ago
2026-04-06 09:30:01 INFO Process alive: PIDs 3276187, 3276188
2026-04-06 09:30:01 INFO Disk OK: 54.8 GB free
2026-04-06 09:30:01 INFO Watchdog check complete: HEALTHY
2026-04-06 09:30:01 INFO ========================================
2026-04-06 09:45:01 INFO ========================================
2026-04-06 09:45:01 INFO Watchdog check starting
2026-04-06 09:45:01 INFO Heartbeat OK: log modified 5.1 min ago
2026-04-06 09:45:01 INFO Process alive: PIDs 3276187, 3276188
2026-04-06 09:45:01 INFO Disk OK: 54.8 GB free
2026-04-06 09:45:01 INFO Watchdog check complete: HEALTHY
2026-04-06 09:45:01 INFO ========================================
2026-04-06 10:00:01 INFO ========================================
2026-04-06 10:00:01 INFO Watchdog check starting
2026-04-06 10:00:01 INFO Heartbeat OK: log modified 0.5 min ago
2026-04-06 10:00:01 INFO Process alive: PIDs 3276187, 3276188
2026-04-06 10:00:01 INFO Disk OK: 54.8 GB free
2026-04-06 10:00:01 INFO Watchdog check complete: HEALTHY
2026-04-06 10:00:01 INFO ========================================
2026-04-06 10:15:01 INFO ========================================
2026-04-06 10:15:01 INFO Watchdog check starting
2026-04-06 10:15:01 INFO Heartbeat OK: log modified 4.4 min ago
2026-04-06 10:15:01 INFO Process alive: PIDs 3276187, 3276188
2026-04-06 10:15:01 INFO Disk OK: 54.8 GB free
2026-04-06 10:15:01 INFO Watchdog check complete: HEALTHY
2026-04-06 10:15:01 INFO ========================================
2026-04-06 10:30:01 INFO ========================================
2026-04-06 10:30:01 INFO Watchdog check starting
2026-04-06 10:30:01 INFO Heartbeat OK: log modified 0.2 min ago
2026-04-06 10:30:02 INFO Process alive: PIDs 3276187, 3276188
2026-04-06 10:30:02 INFO Disk OK: 54.8 GB free
2026-04-06 10:30:02 INFO Watchdog check complete: HEALTHY
2026-04-06 10:30:02 INFO ========================================
2026-04-06 10:45:01 INFO ========================================
2026-04-06 10:45:01 INFO Watchdog check starting
2026-04-06 10:45:01 INFO Heartbeat OK: log modified 0.3 min ago
2026-04-06 10:45:01 INFO Process alive: PIDs 3790704
2026-04-06 10:45:01 INFO Disk OK: 54.8 GB free
2026-04-06 10:45:01 INFO Watchdog check complete: HEALTHY
2026-04-06 10:45:01 INFO ========================================
2026-04-06 11:00:01 INFO ========================================
2026-04-06 11:00:01 INFO Watchdog check starting
2026-04-06 11:00:01 INFO Heartbeat OK: log modified 5.7 min ago
2026-04-06 11:00:01 INFO Process alive: PIDs 3819637
2026-04-06 11:00:01 INFO Disk OK: 54.8 GB free
2026-04-06 11:00:01 INFO Watchdog check complete: HEALTHY
2026-04-06 11:00:01 INFO ========================================
2026-04-06 11:15:01 INFO ========================================
2026-04-06 11:15:01 INFO Watchdog check starting
2026-04-06 11:15:01 INFO Heartbeat OK: log modified 20.7 min ago
2026-04-06 11:15:01 INFO Process alive: PIDs 3819637
2026-04-06 11:15:01 INFO Disk OK: 54.8 GB free
2026-04-06 11:15:01 INFO Watchdog check complete: HEALTHY
2026-04-06 11:15:01 INFO ========================================
2026-04-06 11:30:01 INFO ========================================
2026-04-06 11:30:01 INFO Watchdog check starting
2026-04-06 11:30:01 WARNING Heartbeat DEAD: log file last modified 36 min ago
2026-04-06 11:30:01 WARNING [alert] No SMTP password found. Set CHATTLA_SMTP_PASSWORD env var or create /home/REDACTED-USER/.chattla_smtp_password
2026-04-06 11:30:01 INFO Process alive: PIDs 3819637
2026-04-06 11:30:01 INFO Disk OK: 54.8 GB free
2026-04-06 11:30:01 INFO Watchdog check complete: ISSUES DETECTED
2026-04-06 11:30:01 INFO ========================================
2026-04-06 11:45:01 INFO ========================================
2026-04-06 11:45:01 INFO Watchdog check starting
2026-04-06 11:45:01 WARNING Heartbeat DEAD: log file last modified 51 min ago
2026-04-06 11:45:01 WARNING [alert] No SMTP password found. Set CHATTLA_SMTP_PASSWORD env var or create /home/REDACTED-USER/.chattla_smtp_password
2026-04-06 11:45:01 INFO Process alive: PIDs 3819637
2026-04-06 11:45:01 INFO Disk OK: 54.8 GB free
2026-04-06 11:45:01 INFO Watchdog check complete: ISSUES DETECTED
2026-04-06 11:45:01 INFO ========================================
2026-04-06 12:00:01 INFO ========================================
2026-04-06 12:00:01 INFO Watchdog check starting
2026-04-06 12:00:01 WARNING Heartbeat DEAD: log file last modified 66 min ago
2026-04-06 12:00:01 WARNING [alert] No SMTP password found. Set CHATTLA_SMTP_PASSWORD env var or create /home/REDACTED-USER/.chattla_smtp_password
2026-04-06 12:00:01 INFO Process alive: PIDs 3819637
2026-04-06 12:00:01 INFO Disk OK: 54.8 GB free
2026-04-06 12:00:01 INFO Watchdog check complete: ISSUES DETECTED
2026-04-06 12:00:01 INFO ========================================
2026-04-06 12:15:01 INFO ========================================
2026-04-06 12:15:01 INFO Watchdog check starting
2026-04-06 12:15:01 WARNING Heartbeat DEAD: log file last modified 81 min ago
2026-04-06 12:15:01 WARNING [alert] No SMTP password found. Set CHATTLA_SMTP_PASSWORD env var or create /home/REDACTED-USER/.chattla_smtp_password
2026-04-06 12:15:01 INFO Process alive: PIDs 3819637
2026-04-06 12:15:01 INFO Disk OK: 54.8 GB free
2026-04-06 12:15:01 INFO Watchdog check complete: ISSUES DETECTED
2026-04-06 12:15:01 INFO ========================================
2026-04-06 12:30:02 INFO ========================================
2026-04-06 12:30:02 INFO Watchdog check starting
2026-04-06 12:30:02 WARNING Heartbeat DEAD: log file last modified 96 min ago
2026-04-06 12:30:02 WARNING [alert] No SMTP password found. Set CHATTLA_SMTP_PASSWORD env var or create /home/REDACTED-USER/.chattla_smtp_password
2026-04-06 12:30:02 INFO Process alive: PIDs 3819637
2026-04-06 12:30:02 INFO Disk OK: 54.8 GB free
2026-04-06 12:30:02 INFO Watchdog check complete: ISSUES DETECTED
2026-04-06 12:30:02 INFO ========================================
2026-04-06 12:45:01 INFO ========================================
2026-04-06 12:45:01 INFO Watchdog check starting
2026-04-06 12:45:01 INFO Heartbeat OK: log modified 2.0 min ago
2026-04-06 12:45:01 INFO Process alive: PIDs 3819637
2026-04-06 12:45:01 INFO Disk OK: 69.5 GB free
2026-04-06 12:45:01 INFO Watchdog check complete: HEALTHY
2026-04-06 12:45:01 INFO ========================================
2026-04-06 13:00:01 INFO ========================================
2026-04-06 13:00:01 INFO Watchdog check starting
2026-04-06 13:00:01 INFO Heartbeat OK: log modified 11.8 min ago
2026-04-06 13:00:01 INFO Process alive: PIDs 3910454
2026-04-06 13:00:01 INFO Disk OK: 63.5 GB free
2026-04-06 13:00:01 INFO Watchdog check complete: HEALTHY
2026-04-06 13:00:01 INFO ========================================
2026-04-06 13:15:01 INFO ========================================
2026-04-06 13:15:01 INFO Watchdog check starting
2026-04-06 13:15:01 INFO Heartbeat OK: log modified 26.8 min ago
2026-04-06 13:15:01 INFO Process alive: PIDs 3910454
2026-04-06 13:15:01 INFO Disk OK: 63.5 GB free
2026-04-06 13:15:01 INFO Watchdog check complete: HEALTHY
2026-04-06 13:15:01 INFO ========================================
2026-04-06 13:30:01 INFO ========================================
2026-04-06 13:30:01 INFO Watchdog check starting
2026-04-06 13:30:01 WARNING Heartbeat DEAD: log file last modified 42 min ago
2026-04-06 13:30:01 WARNING [alert] No SMTP password found. Set CHATTLA_SMTP_PASSWORD env var or create /home/REDACTED-USER/.chattla_smtp_password
2026-04-06 13:30:01 INFO Process alive: PIDs 3910454
2026-04-06 13:30:01 INFO Disk OK: 63.5 GB free
2026-04-06 13:30:01 INFO Watchdog check complete: ISSUES DETECTED
2026-04-06 13:30:01 INFO ========================================
2026-04-06 13:45:01 INFO ========================================
2026-04-06 13:45:01 INFO Watchdog check starting
2026-04-06 13:45:01 WARNING Heartbeat DEAD: log file last modified 57 min ago
2026-04-06 13:45:01 WARNING [alert] No SMTP password found. Set CHATTLA_SMTP_PASSWORD env var or create /home/REDACTED-USER/.chattla_smtp_password
2026-04-06 13:45:01 INFO Process alive: PIDs 3910454
2026-04-06 13:45:01 INFO Disk OK: 63.5 GB free
2026-04-06 13:45:01 INFO Watchdog check complete: ISSUES DETECTED
2026-04-06 13:45:01 INFO ========================================
2026-04-06 14:00:01 INFO ========================================
2026-04-06 14:00:01 INFO Watchdog check starting
2026-04-06 14:00:01 WARNING Heartbeat DEAD: log file last modified 72 min ago
2026-04-06 14:00:01 WARNING [alert] No SMTP password found. Set CHATTLA_SMTP_PASSWORD env var or create /home/REDACTED-USER/.chattla_smtp_password
2026-04-06 14:00:01 INFO Process alive: PIDs 3910454
2026-04-06 14:00:01 INFO Disk OK: 63.5 GB free
2026-04-06 14:00:01 INFO Watchdog check complete: ISSUES DETECTED
2026-04-06 14:00:01 INFO ========================================
2026-04-06 14:15:01 INFO ========================================
2026-04-06 14:15:01 INFO Watchdog check starting
2026-04-06 14:15:01 WARNING Heartbeat DEAD: log file last modified 87 min ago
2026-04-06 14:15:01 WARNING [alert] No SMTP password found. Set CHATTLA_SMTP_PASSWORD env var or create /home/REDACTED-USER/.chattla_smtp_password
2026-04-06 14:15:01 INFO Process alive: PIDs 3910454
2026-04-06 14:15:01 INFO Disk OK: 63.5 GB free
2026-04-06 14:15:02 INFO Watchdog check complete: ISSUES DETECTED
2026-04-06 14:15:02 INFO ========================================
2026-04-06 14:30:02 INFO ========================================
2026-04-06 14:30:02 INFO Watchdog check starting
2026-04-06 14:30:02 WARNING Heartbeat DEAD: log file last modified 102 min ago
2026-04-06 14:30:02 WARNING [alert] No SMTP password found. Set CHATTLA_SMTP_PASSWORD env var or create /home/REDACTED-USER/.chattla_smtp_password
2026-04-06 14:30:02 INFO Process alive: PIDs 3910454
2026-04-06 14:30:02 INFO Disk OK: 63.5 GB free
2026-04-06 14:30:02 INFO Watchdog check complete: ISSUES DETECTED
2026-04-06 14:30:02 INFO ========================================
2026-04-06 14:45:01 INFO ========================================
2026-04-06 14:45:01 INFO Watchdog check starting
2026-04-06 14:45:01 INFO Heartbeat OK: log modified 0.2 min ago
2026-04-06 14:45:01 INFO Process alive: PIDs 3910454
2026-04-06 14:45:01 INFO Disk OK: 63.5 GB free
2026-04-06 14:45:01 INFO Watchdog check complete: HEALTHY
2026-04-06 14:45:01 INFO ========================================
2026-04-06 15:00:01 INFO ========================================
2026-04-06 15:00:01 INFO Watchdog check starting
2026-04-06 15:00:01 INFO Heartbeat OK: log modified 3.6 min ago
2026-04-06 15:00:01 INFO Process alive: PIDs 3910454
2026-04-06 15:00:01 INFO Disk OK: 63.8 GB free
2026-04-06 15:00:01 INFO Watchdog check complete: HEALTHY
2026-04-06 15:00:01 INFO ========================================
2026-04-06 15:15:01 INFO ========================================
2026-04-06 15:15:01 INFO Watchdog check starting
2026-04-06 15:15:01 INFO Heartbeat OK: log modified 9.6 min ago
2026-04-06 15:15:01 INFO Process alive: PIDs 4018736
2026-04-06 15:15:01 INFO Disk OK: 54.8 GB free
2026-04-06 15:15:01 INFO Watchdog check complete: HEALTHY
2026-04-06 15:15:01 INFO ========================================
2026-04-06 15:30:01 INFO ========================================
2026-04-06 15:30:01 INFO Watchdog check starting
2026-04-06 15:30:01 INFO Heartbeat OK: log modified 6.4 min ago
2026-04-06 15:30:01 INFO Process alive: PIDs 4035445
2026-04-06 15:30:01 INFO Disk OK: 54.7 GB free
2026-04-06 15:30:01 INFO Watchdog check complete: HEALTHY
2026-04-06 15:30:01 INFO ========================================
2026-04-06 15:45:01 INFO ========================================
2026-04-06 15:45:01 INFO Watchdog check starting
2026-04-06 15:45:01 INFO Heartbeat OK: log modified 21.4 min ago
2026-04-06 15:45:01 INFO Process alive: PIDs 4035445
2026-04-06 15:45:01 INFO Disk OK: 54.7 GB free
2026-04-06 15:45:01 INFO Watchdog check complete: HEALTHY
2026-04-06 15:45:01 INFO ========================================
2026-04-06 16:00:01 INFO ========================================
2026-04-06 16:00:01 INFO Watchdog check starting
2026-04-06 16:00:01 WARNING Heartbeat DEAD: log file last modified 36 min ago
2026-04-06 16:00:01 WARNING [alert] No SMTP password found. Set CHATTLA_SMTP_PASSWORD env var or create /home/REDACTED-USER/.chattla_smtp_password
2026-04-06 16:00:01 INFO Process alive: PIDs 4035445
2026-04-06 16:00:01 INFO Disk OK: 54.7 GB free
2026-04-06 16:00:01 INFO Watchdog check complete: ISSUES DETECTED
2026-04-06 16:00:01 INFO ========================================
2026-04-06 16:15:01 INFO ========================================
2026-04-06 16:15:01 INFO Watchdog check starting
2026-04-06 16:15:01 WARNING Heartbeat DEAD: log file last modified 51 min ago
2026-04-06 16:15:01 WARNING [alert] No SMTP password found. Set CHATTLA_SMTP_PASSWORD env var or create /home/REDACTED-USER/.chattla_smtp_password
2026-04-06 16:15:02 INFO Process alive: PIDs 4035445
2026-04-06 16:15:02 INFO Disk OK: 54.7 GB free
2026-04-06 16:15:02 INFO Watchdog check complete: ISSUES DETECTED
2026-04-06 16:15:02 INFO ========================================
2026-04-06 16:30:01 INFO ========================================
2026-04-06 16:30:01 INFO Watchdog check starting
2026-04-06 16:30:01 INFO Heartbeat OK: log modified 5.4 min ago
2026-04-06 16:30:01 INFO Process alive: PIDs 4035445
2026-04-06 16:30:01 INFO Disk OK: 36.9 GB free
2026-04-06 16:30:01 INFO Watchdog check complete: HEALTHY
2026-04-06 16:30:01 INFO ========================================
2026-04-06 16:45:01 INFO ========================================
2026-04-06 16:45:01 INFO Watchdog check starting
2026-04-06 16:45:01 INFO Heartbeat OK: log modified 3.9 min ago
2026-04-06 16:45:01 INFO Process alive: PIDs 4035445
2026-04-06 16:45:01 INFO Disk OK: 54.7 GB free
2026-04-06 16:45:01 INFO Watchdog check complete: HEALTHY
2026-04-06 16:45:01 INFO ========================================
2026-04-06 17:00:01 INFO ========================================
2026-04-06 17:00:01 INFO Watchdog check starting
2026-04-06 17:00:01 INFO Heartbeat OK: log modified 10.3 min ago
2026-04-06 17:00:01 INFO Process alive: PIDs 4108900
2026-04-06 17:00:01 INFO Disk OK: 54.9 GB free
2026-04-06 17:00:01 INFO Watchdog check complete: HEALTHY
2026-04-06 17:00:01 INFO ========================================
2026-04-06 17:15:01 INFO ========================================
2026-04-06 17:15:01 INFO Watchdog check starting
2026-04-06 17:15:01 INFO Heartbeat OK: log modified 25.3 min ago
2026-04-06 17:15:01 INFO Process alive: PIDs 4108900
2026-04-06 17:15:01 INFO Disk OK: 54.9 GB free
2026-04-06 17:15:01 INFO Watchdog check complete: HEALTHY
2026-04-06 17:15:01 INFO ========================================
2026-04-06 17:30:01 INFO ========================================
2026-04-06 17:30:01 INFO Watchdog check starting
2026-04-06 17:30:01 WARNING Heartbeat DEAD: log file last modified 40 min ago
2026-04-06 17:30:01 WARNING [alert] No SMTP password found. Set CHATTLA_SMTP_PASSWORD env var or create /home/REDACTED-USER/.chattla_smtp_password
2026-04-06 17:30:01 INFO Process alive: PIDs 4108900
2026-04-06 17:30:01 INFO Disk OK: 54.9 GB free
2026-04-06 17:30:01 INFO Watchdog check complete: ISSUES DETECTED
2026-04-06 17:30:01 INFO ========================================
2026-04-06 17:45:01 INFO ========================================
2026-04-06 17:45:01 INFO Watchdog check starting
2026-04-06 17:45:01 WARNING Heartbeat DEAD: log file last modified 55 min ago
2026-04-06 17:45:01 WARNING [alert] No SMTP password found. Set CHATTLA_SMTP_PASSWORD env var or create /home/REDACTED-USER/.chattla_smtp_password
2026-04-06 17:45:01 INFO Process alive: PIDs 4108900
2026-04-06 17:45:01 INFO Disk OK: 54.9 GB free
2026-04-06 17:45:01 INFO Watchdog check complete: ISSUES DETECTED
2026-04-06 17:45:01 INFO ========================================
2026-04-06 18:00:01 INFO ========================================
2026-04-06 18:00:01 INFO Watchdog check starting
2026-04-06 18:00:01 WARNING Heartbeat DEAD: log file last modified 70 min ago
2026-04-06 18:00:01 WARNING [alert] No SMTP password found. Set CHATTLA_SMTP_PASSWORD env var or create /home/REDACTED-USER/.chattla_smtp_password
2026-04-06 18:00:01 INFO Process alive: PIDs 4108900
2026-04-06 18:00:01 INFO Disk OK: 54.9 GB free
2026-04-06 18:00:01 INFO Watchdog check complete: ISSUES DETECTED
2026-04-06 18:00:01 INFO ========================================
2026-04-06 18:15:01 INFO ========================================
2026-04-06 18:15:01 INFO Watchdog check starting
2026-04-06 18:15:01 INFO Heartbeat OK: log modified 6.8 min ago
2026-04-06 18:15:01 INFO Process alive: PIDs 4108900
2026-04-06 18:15:01 INFO Disk OK: 34.5 GB free
2026-04-06 18:15:01 INFO Watchdog check complete: HEALTHY
2026-04-06 18:15:01 INFO ========================================
2026-04-06 18:30:01 INFO ========================================
2026-04-06 18:30:01 INFO Watchdog check starting
2026-04-06 18:30:01 INFO Heartbeat OK: log modified 4.4 min ago
2026-04-06 18:30:01 INFO Process alive: PIDs 4191703
2026-04-06 18:30:01 INFO Disk OK: 59.8 GB free
2026-04-06 18:30:01 INFO Watchdog check complete: HEALTHY
2026-04-06 18:30:01 INFO ========================================
2026-04-06 18:45:01 INFO ========================================
2026-04-06 18:45:01 INFO Watchdog check starting
2026-04-06 18:45:01 INFO Heartbeat OK: log modified 19.4 min ago
2026-04-06 18:45:01 INFO Process alive: PIDs 4191703
2026-04-06 18:45:01 INFO Disk OK: 59.8 GB free
2026-04-06 18:45:01 INFO Watchdog check complete: HEALTHY
2026-04-06 18:45:01 INFO ========================================
2026-04-06 19:00:01 INFO ========================================
2026-04-06 19:00:01 INFO Watchdog check starting
2026-04-06 19:00:01 WARNING Heartbeat DEAD: log file last modified 34 min ago
2026-04-06 19:00:01 WARNING [alert] No SMTP password found. Set CHATTLA_SMTP_PASSWORD env var or create /home/REDACTED-USER/.chattla_smtp_password
2026-04-06 19:00:01 INFO Process alive: PIDs 4191703
2026-04-06 19:00:01 INFO Disk OK: 59.8 GB free
2026-04-06 19:00:01 INFO Watchdog check complete: ISSUES DETECTED
2026-04-06 19:00:01 INFO ========================================
2026-04-06 19:15:01 INFO ========================================
2026-04-06 19:15:01 INFO Watchdog check starting
2026-04-06 19:15:01 WARNING Heartbeat DEAD: log file last modified 49 min ago
2026-04-06 19:15:01 WARNING [alert] No SMTP password found. Set CHATTLA_SMTP_PASSWORD env var or create /home/REDACTED-USER/.chattla_smtp_password
2026-04-06 19:15:01 INFO Process alive: PIDs 4191703
2026-04-06 19:15:01 INFO Disk OK: 59.8 GB free
2026-04-06 19:15:01 INFO Watchdog check complete: ISSUES DETECTED
2026-04-06 19:15:01 INFO ========================================
2026-04-06 19:30:01 INFO ========================================
2026-04-06 19:30:01 INFO Watchdog check starting
2026-04-06 19:30:01 WARNING Heartbeat DEAD: log file last modified 64 min ago
2026-04-06 19:30:01 WARNING [alert] No SMTP password found. Set CHATTLA_SMTP_PASSWORD env var or create /home/REDACTED-USER/.chattla_smtp_password
2026-04-06 19:30:01 INFO Process alive: PIDs 4191703
2026-04-06 19:30:01 INFO Disk OK: 59.8 GB free
2026-04-06 19:30:01 INFO Watchdog check complete: ISSUES DETECTED
2026-04-06 19:30:01 INFO ========================================
2026-04-06 19:45:01 INFO ========================================
2026-04-06 19:45:01 INFO Watchdog check starting
2026-04-06 19:45:01 INFO Heartbeat OK: log modified 3.4 min ago
2026-04-06 19:45:02 INFO Process alive: PIDs 4191703
2026-04-06 19:45:02 INFO Disk OK: 49.2 GB free
2026-04-06 19:45:02 INFO Watchdog check complete: HEALTHY
2026-04-06 19:45:02 INFO ========================================
2026-04-06 20:00:01 INFO ========================================
2026-04-06 20:00:01 INFO Watchdog check starting
2026-04-06 20:00:01 INFO Heartbeat OK: log modified 1.3 min ago
2026-04-06 20:00:01 INFO Process alive: PIDs 77110
2026-04-06 20:00:01 INFO Disk OK: 72.6 GB free
2026-04-06 20:00:01 INFO Watchdog check complete: HEALTHY
2026-04-06 20:00:01 INFO ========================================
2026-04-06 20:15:01 INFO ========================================
2026-04-06 20:15:01 INFO Watchdog check starting
2026-04-06 20:15:01 INFO Heartbeat OK: log modified 16.3 min ago
2026-04-06 20:15:01 INFO Process alive: PIDs 77110
2026-04-06 20:15:01 INFO Disk OK: 72.6 GB free
2026-04-06 20:15:01 INFO Watchdog check complete: HEALTHY
2026-04-06 20:15:01 INFO ========================================
2026-04-06 20:30:01 INFO ========================================
2026-04-06 20:30:01 INFO Watchdog check starting
2026-04-06 20:30:01 WARNING Heartbeat DEAD: log file last modified 31 min ago
2026-04-06 20:30:01 WARNING [alert] No SMTP password found. Set CHATTLA_SMTP_PASSWORD env var or create /home/REDACTED-USER/.chattla_smtp_password
2026-04-06 20:30:01 INFO Process alive: PIDs 77110
2026-04-06 20:30:01 INFO Disk OK: 72.6 GB free
2026-04-06 20:30:01 INFO Watchdog check complete: ISSUES DETECTED
2026-04-06 20:30:01 INFO ========================================
2026-04-06 20:45:01 INFO ========================================
2026-04-06 20:45:01 INFO Watchdog check starting
2026-04-06 20:45:01 WARNING Heartbeat DEAD: log file last modified 46 min ago
2026-04-06 20:45:01 WARNING [alert] No SMTP password found. Set CHATTLA_SMTP_PASSWORD env var or create /home/REDACTED-USER/.chattla_smtp_password
2026-04-06 20:45:01 INFO Process alive: PIDs 77110
2026-04-06 20:45:01 INFO Disk OK: 72.6 GB free
2026-04-06 20:45:01 INFO Watchdog check complete: ISSUES DETECTED
2026-04-06 20:45:01 INFO ========================================
2026-04-06 21:00:01 INFO ========================================
2026-04-06 21:00:01 INFO Watchdog check starting
2026-04-06 21:00:01 WARNING Heartbeat DEAD: log file last modified 61 min ago
2026-04-06 21:00:01 WARNING [alert] No SMTP password found. Set CHATTLA_SMTP_PASSWORD env var or create /home/REDACTED-USER/.chattla_smtp_password
2026-04-06 21:00:01 INFO Process alive: PIDs 77110
2026-04-06 21:00:01 INFO Disk OK: 72.6 GB free
2026-04-06 21:00:01 INFO Watchdog check complete: ISSUES DETECTED
2026-04-06 21:00:01 INFO ========================================
2026-04-06 21:15:01 INFO ========================================
2026-04-06 21:15:01 INFO Watchdog check starting
2026-04-06 21:15:01 INFO Heartbeat OK: log modified 0.2 min ago
2026-04-06 21:15:01 INFO Process alive: PIDs 77110
2026-04-06 21:15:01 INFO Disk OK: 72.6 GB free
2026-04-06 21:15:01 INFO Watchdog check complete: HEALTHY
2026-04-06 21:15:01 INFO ========================================
2026-04-06 21:30:02 INFO ========================================
2026-04-06 21:30:02 INFO Watchdog check starting
2026-04-06 21:30:02 INFO Heartbeat OK: log modified 2.2 min ago
2026-04-06 21:30:02 INFO Process alive: PIDs 77110
2026-04-06 21:30:02 INFO Disk OK: 68.8 GB free
2026-04-06 21:30:02 INFO Watchdog check complete: HEALTHY
2026-04-06 21:30:02 INFO ========================================
